2026-02-23 08:10:52,354 - MainThread - sqlmesh.core.config.connection - INFO - Creating new DuckDB adapter for in-memory database (connection.py:498)
2026-02-23 08:10:52,363 - MainThread - sqlmesh.core.config.connection - INFO - Creating new DuckDB adapter for in-memory database (connection.py:498)
2026-02-23 08:10:52,363 - MainThread - sqlmesh.core.config.connection - INFO - Creating new DuckDB adapter for in-memory database (connection.py:498)
2026-02-23 08:10:52,364 - MainThread - sqlmesh.core.config.connection - INFO - Creating new DuckDB adapter for in-memory database (connection.py:498)
2026-02-23 08:10:52,364 - MainThread - sqlmesh.core.config.connection - INFO - Creating new DuckDB adapter for in-memory database (connection.py:498)
2026-02-23 08:10:52,364 - MainThread - sqlmesh.core.config.connection - INFO - Creating new DuckDB adapter for in-memory database (connection.py:498)
2026-02-23 08:10:52,364 - MainThread - sqlmesh.core.config.connection - INFO - Creating new DuckDB adapter for in-memory database (connection.py:498)
2026-02-23 08:10:52,364 - MainThread - sqlmesh.core.config.connection - INFO - Creating new DuckDB adapter for in-memory database (connection.py:498)
2026-02-23 08:10:52,804 - MainThread - sqlmesh.core.plan.evaluator - INFO - Evaluating plan stage CreateSnapshotRecordsStage (evaluator.py:123)
2026-02-23 08:10:52,810 - MainThread - sqlmesh.core.plan.evaluator - INFO - Evaluating plan stage PhysicalLayerSchemaCreationStage (evaluator.py:123)
2026-02-23 08:10:52,812 - ThreadPoolExecutor-1_0 - sqlmesh.core.snapshot.evaluator - INFO - Creating schema 'analytics.sqlmesh__warehouse' (evaluator.py:1449)
2026-02-23 08:10:52,812 - ThreadPoolExecutor-1_1 - sqlmesh.core.snapshot.evaluator - INFO - Creating schema 'analytics.sqlmesh__ala_publicportal' (evaluator.py:1449)
2026-02-23 08:10:52,812 - ThreadPoolExecutor-1_2 - sqlmesh.core.snapshot.evaluator - INFO - Creating schema 'analytics.sqlmesh__courtlistener' (evaluator.py:1449)
2026-02-23 08:10:52,812 - ThreadPoolExecutor-1_3 - sqlmesh.core.snapshot.evaluator - INFO - Creating schema 'analytics.sqlmesh__conn_jud_ct_gov' (evaluator.py:1449)
2026-02-23 08:10:52,817 - ThreadPoolExecutor-1_0 - sqlmesh.core.engine_adapter.base - INFO - Executing SQL: /* SQLMESH_PLAN: dddcd97f15da4578b4147d73fe6d5a17 */ CREATE SCHEMA IF NOT EXISTS "sqlmesh__warehouse" (base.py:2626)
2026-02-23 08:10:52,821 - ThreadPoolExecutor-1_1 - sqlmesh.core.engine_adapter.base - INFO - Executing SQL: /* SQLMESH_PLAN: dddcd97f15da4578b4147d73fe6d5a17 */ CREATE SCHEMA IF NOT EXISTS "sqlmesh__ala_publicportal" (base.py:2626)
2026-02-23 08:10:52,825 - ThreadPoolExecutor-1_2 - sqlmesh.core.engine_adapter.base - INFO - Executing SQL: /* SQLMESH_PLAN: dddcd97f15da4578b4147d73fe6d5a17 */ CREATE SCHEMA IF NOT EXISTS "sqlmesh__courtlistener" (base.py:2626)
2026-02-23 08:10:52,830 - ThreadPoolExecutor-1_3 - sqlmesh.core.engine_adapter.base - INFO - Executing SQL: /* SQLMESH_PLAN: dddcd97f15da4578b4147d73fe6d5a17 */ CREATE SCHEMA IF NOT EXISTS "sqlmesh__conn_jud_ct_gov" (base.py:2626)
2026-02-23 08:10:52,831 - MainThread - sqlmesh.core.plan.evaluator - INFO - Evaluating plan stage BackfillStage (evaluator.py:123)
2026-02-23 08:10:52,832 - ThreadPoolExecutor-2_0 - sqlmesh.core.snapshot.evaluator - INFO - Listing data objects in schema analytics.sqlmesh__courtlistener (evaluator.py:1616)
2026-02-23 08:10:52,836 - ThreadPoolExecutor-2_0 - sqlmesh.core.engine_adapter.base - INFO - Executing SQL: /* SQLMESH_PLAN: dddcd97f15da4578b4147d73fe6d5a17 */ SELECT current_catalog (base.py:2626)
2026-02-23 08:10:52,880 - ThreadPoolExecutor-3_0 - sqlmesh.core.snapshot.evaluator - INFO - Evaluating snapshot SnapshotId<"analytics"."courtlistener"."dockets": 1498348727> (evaluator.py:711)
2026-02-23 08:10:52,880 - ThreadPoolExecutor-3_1 - sqlmesh.core.snapshot.evaluator - INFO - Evaluating snapshot SnapshotId<"analytics"."courtlistener"."opinion_clusters": 591077780> (evaluator.py:711)
2026-02-23 08:10:52,889 - ThreadPoolExecutor-3_0 - sqlmesh.core.snapshot.evaluator - INFO - Inserting data for snapshot SnapshotId<"analytics"."courtlistener"."dockets": 1498348727> (evaluator.py:952)
2026-02-23 08:10:52,889 - ThreadPoolExecutor-3_1 - sqlmesh.core.snapshot.evaluator - INFO - Inserting data for snapshot SnapshotId<"analytics"."courtlistener"."opinion_clusters": 591077780> (evaluator.py:952)
2026-02-23 08:10:52,897 - ThreadPoolExecutor-3_0 - sqlmesh.core.snapshot.evaluator - INFO - Inserting batch (2026-02-11 00:00:00, 2026-02-23 00:00:00) into analytics.sqlmesh__courtlistener.courtlistener__dockets__3490974651' (evaluator.py:984)
2026-02-23 08:10:52,906 - ThreadPoolExecutor-3_1 - sqlmesh.core.snapshot.evaluator - INFO - Inserting batch (2026-02-11 00:00:00, 2026-02-23 00:00:00) into analytics.sqlmesh__courtlistener.courtlistener__opinion_clusters__778615652' (evaluator.py:984)
2026-02-23 08:10:52,907 - ThreadPoolExecutor-3_0 - sqlmesh.core.engine_adapter.base - INFO - Executing SQL: /* SQLMESH_PLAN: dddcd97f15da4578b4147d73fe6d5a17 */ SELECT "attname" AS "column_name", "pg_catalog".format_type("atttypid", "atttypmod") AS "data_type" FROM "pg_catalog"."pg_attribute" JOIN "pg_catalog"."pg_class" ON "pg_class"."oid" = "attrelid" JOIN "pg_catalog"."pg_namespace" ON "pg_namespace"."oid" = "relnamespace" WHERE ("attnum" > 0 AND NOT "attisdropped" AND "relname" = 'courtlistener__dockets__3490974651') AND "nspname" = 'sqlmesh__courtlistener' (base.py:2626)
2026-02-23 08:10:52,908 - ThreadPoolExecutor-3_1 - sqlmesh.core.engine_adapter.base - INFO - Executing SQL: /* SQLMESH_PLAN: dddcd97f15da4578b4147d73fe6d5a17 */ SELECT "attname" AS "column_name", "pg_catalog".format_type("atttypid", "atttypmod") AS "data_type" FROM "pg_catalog"."pg_attribute" JOIN "pg_catalog"."pg_class" ON "pg_class"."oid" = "attrelid" JOIN "pg_catalog"."pg_namespace" ON "pg_namespace"."oid" = "relnamespace" WHERE ("attnum" > 0 AND NOT "attisdropped" AND "relname" = 'courtlistener__opinion_clusters__778615652') AND "nspname" = 'sqlmesh__courtlistener' (base.py:2626)
2026-02-23 08:10:52,911 - ThreadPoolExecutor-3_0 - sqlmesh.core.engine_adapter.base - INFO - Executing SQL: /* SQLMESH_PLAN: dddcd97f15da4578b4147d73fe6d5a17 */ CREATE TABLE IF NOT EXISTS "sqlmesh__courtlistener"."courtlistener__dockets__3490974651" AS SELECT "d"."court_id" AS "court_id", "d"."case_number" AS "docket_number", CAST(NULL AS TEXT) AS "docket_number_core", "d"."date_filed" AS "date_filed", "d"."case_name" AS "case_name", CAST(NULL AS TEXT) AS "case_name_short", CAST(NULL AS TEXT) AS "case_name_full", CAST(NULL AS TEXT) AS "slug", "d"."case_classification" AS "cause", CAST(NULL AS TEXT) AS "nature_of_suit", CAST(NULL AS TEXT) AS "assigned_to_str", CAST(NULL AS TEXT) AS "referred_to_str", CAST(NULL AS TEXT) AS "panel_str", "d"."originating_court" AS "appeal_from_str", CAST(NULL AS TEXT) AS "filepath_local", FALSE AS "blocked", "d"."provenance_id" AS "provenance_id", "d"."record_id" AS "record_id", 1 AS "warehouse_version", 0 AS "courtlistener_version", CAST(NULL AS BIGINT) AS "courtlistener_id", '2026-02-23 14:10:00' AS "date_created", '2026-02-23 14:10:00' AS "date_modified" FROM "analytics"."sqlmesh__ala_publicportal"."ala_publicportal__stg_dockets__1075993663" AS "d" UNION ALL SELECT "d"."court_id" AS "court_id", "d"."docket_id" AS "docket_number", CAST(NULL AS TEXT) AS "docket_number_core", "d"."date_filed" AS "date_filed", "d"."case_name" AS "case_name", CAST(NULL AS TEXT) AS "case_name_short", CAST(NULL AS TEXT) AS "case_name_full", CAST(NULL AS TEXT) AS "slug", "d"."case_type" AS "cause", CAST(NULL AS TEXT) AS "nature_of_suit", CAST(NULL AS TEXT) AS "assigned_to_str", CAST(NULL AS TEXT) AS "referred_to_str", "d"."panel" AS "panel_str", "d"."trial_court" AS "appeal_from_str", CAST(NULL AS TEXT) AS "filepath_local", FALSE AS "blocked", "d"."provenance_id" AS "provenance_id", "d"."record_id" AS "record_id", 1 AS "warehouse_version", 0 AS "courtlistener_version", CAST(NULL AS BIGINT) AS "courtlistener_id", '2026-02-23 14:10:00' AS "date_created", '2026-02-23 14:10:00' AS "date_modified" FROM "analytics"."sqlmesh__conn_jud_ct_gov"."conn_jud_ct_gov__stg_dockets__1010441031" AS "d" (base.py:2626)
2026-02-23 08:10:52,912 - ThreadPoolExecutor-3_1 - sqlmesh.core.engine_adapter.base - INFO - Executing SQL: /* SQLMESH_PLAN: dddcd97f15da4578b4147d73fe6d5a17 */ CREATE TABLE IF NOT EXISTS "sqlmesh__courtlistener"."courtlistener__opinion_clusters__778615652" AS SELECT "c"."court_id" AS "court_id", "c"."case_number" AS "docket_number", "c"."date_filed" AS "date_filed", FALSE AS "date_filed_is_approximate", "c"."case_name" AS "case_name", CAST(NULL AS TEXT) AS "case_name_short", CAST(NULL AS TEXT) AS "case_name_full", CAST(NULL AS TEXT) AS "slug", "c"."authoring_judge" AS "judges", CASE WHEN "c"."per_curiam" THEN 'Unpublished' ELSE 'Published' END AS "precedential_status", CAST(NULL AS TEXT) AS "syllabus", CAST(NULL AS TEXT) AS "headnotes", CAST(NULL AS TEXT) AS "summary", "c"."decision_text" AS "disposition", CAST(NULL AS TEXT) AS "procedural_history", CAST(NULL AS TEXT) AS "attorneys", FALSE AS "blocked", "c"."provenance_id" AS "provenance_id", "c"."record_id" AS "record_id", 1 AS "warehouse_version", 0 AS "courtlistener_version", CAST(NULL AS BIGINT) AS "courtlistener_id", '2026-02-23 14:10:00' AS "date_created", '2026-02-23 14:10:00' AS "date_modified" FROM "analytics"."sqlmesh__ala_publicportal"."ala_publicportal__stg_opinion_clusters__395983550" AS "c" UNION ALL SELECT "c"."court_id" AS "court_id", "c"."docket_id" AS "docket_number", "c"."date_filed" AS "date_filed", FALSE AS "date_filed_is_approximate", "c"."case_name" AS "case_name", CAST(NULL AS TEXT) AS "case_name_short", CAST(NULL AS TEXT) AS "case_name_full", CAST(NULL AS TEXT) AS "slug", CAST(NULL AS TEXT) AS "judges", 'Published' AS "precedential_status", CAST(NULL AS TEXT) AS "syllabus", CAST(NULL AS TEXT) AS "headnotes", CAST(NULL AS TEXT) AS "summary", CAST(NULL AS TEXT) AS "disposition", CAST(NULL AS TEXT) AS "procedural_history", CAST(NULL AS TEXT) AS "attorneys", FALSE AS "blocked", "c"."provenance_id" AS "provenance_id", "c"."record_id" AS "record_id", 1 AS "warehouse_version", 0 AS "courtlistener_version", CAST(NULL AS BIGINT) AS "courtlistener_id", '2026-02-23 14:10:00' AS "date_created", '2026-02-23 14:10:00' AS "date_modified" FROM "analytics"."sqlmesh__conn_jud_ct_gov"."conn_jud_ct_gov__stg_opinion_clusters__2234588168" AS "c" (base.py:2626)
2026-02-23 08:10:52,914 - ThreadPoolExecutor-3_1 - sqlmesh.core.snapshot.evaluator - INFO - Auditing snapshot SnapshotId<"analytics"."courtlistener"."opinion_clusters": 591077780> (evaluator.py:603)
2026-02-23 08:10:52,915 - ThreadPoolExecutor-3_1 - sqlmesh.core.engine_adapter.base - INFO - Executing SQL: /* SQLMESH_PLAN: dddcd97f15da4578b4147d73fe6d5a17 */ SELECT "attname" AS "column_name", "pg_catalog".format_type("atttypid", "atttypmod") AS "data_type" FROM "pg_catalog"."pg_attribute" JOIN "pg_catalog"."pg_class" ON "pg_class"."oid" = "attrelid" JOIN "pg_catalog"."pg_namespace" ON "pg_namespace"."oid" = "relnamespace" WHERE ("attnum" > 0 AND NOT "attisdropped" AND "relname" = 'courtlistener__opinion_clusters__778615652') AND "nspname" = 'sqlmesh__courtlistener' (base.py:2626)
2026-02-23 08:10:52,915 - ThreadPoolExecutor-3_0 - sqlmesh.core.snapshot.evaluator - INFO - Auditing snapshot SnapshotId<"analytics"."courtlistener"."dockets": 1498348727> (evaluator.py:603)
2026-02-23 08:10:52,916 - ThreadPoolExecutor-3_0 - sqlmesh.core.engine_adapter.base - INFO - Executing SQL: /* SQLMESH_PLAN: dddcd97f15da4578b4147d73fe6d5a17 */ SELECT "attname" AS "column_name", "pg_catalog".format_type("atttypid", "atttypmod") AS "data_type" FROM "pg_catalog"."pg_attribute" JOIN "pg_catalog"."pg_class" ON "pg_class"."oid" = "attrelid" JOIN "pg_catalog"."pg_namespace" ON "pg_namespace"."oid" = "relnamespace" WHERE ("attnum" > 0 AND NOT "attisdropped" AND "relname" = 'courtlistener__dockets__3490974651') AND "nspname" = 'sqlmesh__courtlistener' (base.py:2626)
2026-02-23 08:10:52,919 - ThreadPoolExecutor-3_1 - sqlmesh.core.engine_adapter.base - INFO - Executing SQL: /* SQLMESH_PLAN: dddcd97f15da4578b4147d73fe6d5a17 */ SELECT COUNT(*) FROM (SELECT * FROM "analytics"."sqlmesh__courtlistener"."courtlistener__opinion_clusters__778615652" AS "t" WHERE NOT "t"."court_id" IN (SELECT "court_id" FROM "analytics"."sqlmesh__warehouse"."warehouse__court_ids__4170995611" AS "court_ids")) AS "audit" (base.py:2626)
2026-02-23 08:10:52,921 - ThreadPoolExecutor-3_0 - sqlmesh.core.engine_adapter.base - INFO - Executing SQL: /* SQLMESH_PLAN: dddcd97f15da4578b4147d73fe6d5a17 */ SELECT COUNT(*) FROM (SELECT * FROM "analytics"."sqlmesh__courtlistener"."courtlistener__dockets__3490974651" AS "t" WHERE NOT "t"."court_id" IN (SELECT "court_id" FROM "analytics"."sqlmesh__warehouse"."warehouse__court_ids__4170995611" AS "court_ids")) AS "audit" (base.py:2626)
2026-02-23 08:10:52,922 - ThreadPoolExecutor-3_1 - sqlmesh.core.engine_adapter.base - INFO - Executing SQL: /* SQLMESH_PLAN: dddcd97f15da4578b4147d73fe6d5a17 */ SELECT "attname" AS "column_name", "pg_catalog".format_type("atttypid", "atttypmod") AS "data_type" FROM "pg_catalog"."pg_attribute" JOIN "pg_catalog"."pg_class" ON "pg_class"."oid" = "attrelid" JOIN "pg_catalog"."pg_namespace" ON "pg_namespace"."oid" = "relnamespace" WHERE ("attnum" > 0 AND NOT "attisdropped" AND "relname" = 'courtlistener__opinion_clusters__778615652') AND "nspname" = 'sqlmesh__courtlistener' (base.py:2626)
2026-02-23 08:10:52,923 - ThreadPoolExecutor-3_0 - sqlmesh.core.engine_adapter.base - INFO - Executing SQL: /* SQLMESH_PLAN: dddcd97f15da4578b4147d73fe6d5a17 */ SELECT "attname" AS "column_name", "pg_catalog".format_type("atttypid", "atttypmod") AS "data_type" FROM "pg_catalog"."pg_attribute" JOIN "pg_catalog"."pg_class" ON "pg_class"."oid" = "attrelid" JOIN "pg_catalog"."pg_namespace" ON "pg_namespace"."oid" = "relnamespace" WHERE ("attnum" > 0 AND NOT "attisdropped" AND "relname" = 'courtlistener__dockets__3490974651') AND "nspname" = 'sqlmesh__courtlistener' (base.py:2626)
2026-02-23 08:10:52,925 - ThreadPoolExecutor-3_1 - sqlmesh.core.engine_adapter.base - INFO - Executing SQL: /* SQLMESH_PLAN: dddcd97f15da4578b4147d73fe6d5a17 */ SELECT COUNT(*) FROM (SELECT * FROM "analytics"."sqlmesh__courtlistener"."courtlistener__opinion_clusters__778615652" AS "courtlistener__opinion_clusters__778615652" WHERE "docket_number" IS NULL) AS "audit" (base.py:2626)
2026-02-23 08:10:52,926 - ThreadPoolExecutor-3_0 - sqlmesh.core.engine_adapter.base - INFO - Executing SQL: /* SQLMESH_PLAN: dddcd97f15da4578b4147d73fe6d5a17 */ SELECT COUNT(*) FROM (SELECT * FROM "analytics"."sqlmesh__courtlistener"."courtlistener__dockets__3490974651" AS "courtlistener__dockets__3490974651" WHERE "docket_number" IS NULL) AS "audit" (base.py:2626)
2026-02-23 08:10:52,928 - ThreadPoolExecutor-3_1 - sqlmesh.core.engine_adapter.base - INFO - Executing SQL: /* SQLMESH_PLAN: dddcd97f15da4578b4147d73fe6d5a17 */ SELECT "attname" AS "column_name", "pg_catalog".format_type("atttypid", "atttypmod") AS "data_type" FROM "pg_catalog"."pg_attribute" JOIN "pg_catalog"."pg_class" ON "pg_class"."oid" = "attrelid" JOIN "pg_catalog"."pg_namespace" ON "pg_namespace"."oid" = "relnamespace" WHERE ("attnum" > 0 AND NOT "attisdropped" AND "relname" = 'courtlistener__opinion_clusters__778615652') AND "nspname" = 'sqlmesh__courtlistener' (base.py:2626)
2026-02-23 08:10:52,930 - ThreadPoolExecutor-3_1 - sqlmesh.core.engine_adapter.base - INFO - Executing SQL: /* SQLMESH_PLAN: dddcd97f15da4578b4147d73fe6d5a17 */ SELECT COUNT(*) FROM (SELECT * FROM "analytics"."sqlmesh__courtlistener"."courtlistener__opinion_clusters__778615652" AS "courtlistener__opinion_clusters__778615652" WHERE "date_filed" > CURRENT_DATE) AS "audit" (base.py:2626)
2026-02-23 08:10:52,937 - ThreadPoolExecutor-3_0 - sqlmesh.core.state_sync.db.facade - INFO - Adding interval (2026-02-11 00:00:00, 2026-02-23 00:00:00) for snapshot SnapshotId<"analytics"."courtlistener"."dockets": 1498348727> (facade.py:637)
2026-02-23 08:10:52,937 - ThreadPoolExecutor-3_0 - sqlmesh.core.state_sync.db.interval - INFO - Pushing intervals for snapshot SnapshotId<"analytics"."courtlistener"."dockets": 1498348727> (interval.py:215)
2026-02-23 08:10:52,939 - ThreadPoolExecutor-3_1 - sqlmesh.core.state_sync.db.facade - INFO - Adding interval (2026-02-11 00:00:00, 2026-02-23 00:00:00) for snapshot SnapshotId<"analytics"."courtlistener"."opinion_clusters": 591077780> (facade.py:637)
2026-02-23 08:10:52,939 - ThreadPoolExecutor-3_1 - sqlmesh.core.state_sync.db.interval - INFO - Pushing intervals for snapshot SnapshotId<"analytics"."courtlistener"."opinion_clusters": 591077780> (interval.py:215)
2026-02-23 08:10:52,943 - MainThread - sqlmesh.core.plan.evaluator - INFO - Evaluating plan stage EnvironmentRecordUpdateStage (evaluator.py:123)
2026-02-23 08:10:52,943 - MainThread - sqlmesh.core.state_sync.db.facade - INFO - Promoting environment 'prod' (facade.py:167)
2026-02-23 08:10:52,948 - MainThread - sqlmesh.core.plan.evaluator - INFO - Evaluating plan stage UnpauseStage (evaluator.py:123)
2026-02-23 08:10:52,951 - MainThread - sqlmesh.core.plan.evaluator - INFO - Evaluating plan stage VirtualLayerUpdateStage (evaluator.py:123)
2026-02-23 08:10:52,953 - ThreadPoolExecutor-4_0 - sqlmesh.core.snapshot.evaluator - INFO - Creating schema 'analytics.conn_jud_ct_gov' (evaluator.py:1449)
2026-02-23 08:10:52,953 - ThreadPoolExecutor-4_1 - sqlmesh.core.snapshot.evaluator - INFO - Creating schema 'analytics.ala_publicportal' (evaluator.py:1449)
2026-02-23 08:10:52,953 - ThreadPoolExecutor-4_2 - sqlmesh.core.snapshot.evaluator - INFO - Creating schema 'analytics.courtlistener' (evaluator.py:1449)
2026-02-23 08:10:52,953 - ThreadPoolExecutor-4_3 - sqlmesh.core.snapshot.evaluator - INFO - Creating schema 'analytics.warehouse' (evaluator.py:1449)
2026-02-23 08:10:52,958 - ThreadPoolExecutor-4_0 - sqlmesh.core.engine_adapter.base - INFO - Executing SQL: /* SQLMESH_PLAN: dddcd97f15da4578b4147d73fe6d5a17 */ CREATE SCHEMA IF NOT EXISTS "conn_jud_ct_gov" (base.py:2626)
2026-02-23 08:10:52,962 - ThreadPoolExecutor-4_1 - sqlmesh.core.engine_adapter.base - INFO - Executing SQL: /* SQLMESH_PLAN: dddcd97f15da4578b4147d73fe6d5a17 */ CREATE SCHEMA IF NOT EXISTS "ala_publicportal" (base.py:2626)
2026-02-23 08:10:52,967 - ThreadPoolExecutor-4_2 - sqlmesh.core.engine_adapter.base - INFO - Executing SQL: /* SQLMESH_PLAN: dddcd97f15da4578b4147d73fe6d5a17 */ CREATE SCHEMA IF NOT EXISTS "courtlistener" (base.py:2626)
2026-02-23 08:10:52,971 - ThreadPoolExecutor-4_3 - sqlmesh.core.engine_adapter.base - INFO - Executing SQL: /* SQLMESH_PLAN: dddcd97f15da4578b4147d73fe6d5a17 */ CREATE SCHEMA IF NOT EXISTS "warehouse" (base.py:2626)
2026-02-23 08:10:52,973 - ThreadPoolExecutor-5_0 - sqlmesh.core.snapshot.evaluator - INFO - Listing data objects in schema analytics.courtlistener (evaluator.py:1616)
2026-02-23 08:10:52,973 - ThreadPoolExecutor-5_1 - sqlmesh.core.snapshot.evaluator - INFO - Listing data objects in schema analytics.ala_publicportal (evaluator.py:1616)
2026-02-23 08:10:52,973 - ThreadPoolExecutor-5_2 - sqlmesh.core.snapshot.evaluator - INFO - Listing data objects in schema analytics.warehouse (evaluator.py:1616)
2026-02-23 08:10:52,974 - ThreadPoolExecutor-5_3 - sqlmesh.core.snapshot.evaluator - INFO - Listing data objects in schema analytics.conn_jud_ct_gov (evaluator.py:1616)
2026-02-23 08:10:52,977 - ThreadPoolExecutor-5_0 - sqlmesh.core.engine_adapter.base - INFO - Executing SQL: /* SQLMESH_PLAN: dddcd97f15da4578b4147d73fe6d5a17 */ SELECT current_catalog (base.py:2626)
2026-02-23 08:10:52,981 - ThreadPoolExecutor-5_1 - sqlmesh.core.engine_adapter.base - INFO - Executing SQL: /* SQLMESH_PLAN: dddcd97f15da4578b4147d73fe6d5a17 */ SELECT current_catalog (base.py:2626)
2026-02-23 08:10:52,985 - ThreadPoolExecutor-5_2 - sqlmesh.core.engine_adapter.base - INFO - Executing SQL: /* SQLMESH_PLAN: dddcd97f15da4578b4147d73fe6d5a17 */ SELECT current_catalog (base.py:2626)
2026-02-23 08:10:52,989 - ThreadPoolExecutor-5_3 - sqlmesh.core.engine_adapter.base - INFO - Executing SQL: /* SQLMESH_PLAN: dddcd97f15da4578b4147d73fe6d5a17 */ SELECT current_catalog (base.py:2626)
2026-02-23 08:10:53,001 - ThreadPoolExecutor-6_0 - sqlmesh.core.snapshot.evaluator - INFO - Updating view 'analytics.ala_publicportal.stg_oral_arguments' to point at table 'analytics.sqlmesh__ala_publicportal.ala_publicportal__stg_oral_arguments__233520108' (evaluator.py:1988)
2026-02-23 08:10:53,002 - ThreadPoolExecutor-6_0 - sqlmesh.core.engine_adapter.base - INFO - Executing SQL: /* SQLMESH_PLAN: dddcd97f15da4578b4147d73fe6d5a17 */ DROP VIEW IF EXISTS "ala_publicportal"."stg_oral_arguments" CASCADE (base.py:2626)
2026-02-23 08:10:53,005 - ThreadPoolExecutor-6_1 - sqlmesh.core.snapshot.evaluator - INFO - Updating view 'analytics.warehouse.court_ids' to point at table 'analytics.sqlmesh__warehouse.warehouse__court_ids__4170995611' (evaluator.py:1988)
2026-02-23 08:10:53,006 - ThreadPoolExecutor-6_1 - sqlmesh.core.engine_adapter.base - INFO - Executing SQL: /* SQLMESH_PLAN: dddcd97f15da4578b4147d73fe6d5a17 */ DROP VIEW IF EXISTS "warehouse"."court_ids" CASCADE (base.py:2626)
2026-02-23 08:10:53,010 - ThreadPoolExecutor-6_2 - sqlmesh.core.snapshot.evaluator - INFO - Updating view 'analytics.ala_publicportal.stg_docket_entries' to point at table 'analytics.sqlmesh__ala_publicportal.ala_publicportal__stg_docket_entries__38168577' (evaluator.py:1988)
2026-02-23 08:10:53,010 - ThreadPoolExecutor-6_2 - sqlmesh.core.engine_adapter.base - INFO - Executing SQL: /* SQLMESH_PLAN: dddcd97f15da4578b4147d73fe6d5a17 */ DROP VIEW IF EXISTS "ala_publicportal"."stg_docket_entries" CASCADE (base.py:2626)
2026-02-23 08:10:53,013 - ThreadPoolExecutor-6_3 - sqlmesh.core.snapshot.evaluator - INFO - Updating view 'analytics.conn_jud_ct_gov.stg_docket_entries' to point at table 'analytics.sqlmesh__conn_jud_ct_gov.conn_jud_ct_gov__stg_docket_entries__2755814363' (evaluator.py:1988)
2026-02-23 08:10:53,014 - ThreadPoolExecutor-6_3 - sqlmesh.core.engine_adapter.base - INFO - Executing SQL: /* SQLMESH_PLAN: dddcd97f15da4578b4147d73fe6d5a17 */ DROP VIEW IF EXISTS "conn_jud_ct_gov"."stg_docket_entries" CASCADE (base.py:2626)
2026-02-23 08:10:53,014 - ThreadPoolExecutor-6_2 - sqlmesh.core.engine_adapter.base - INFO - Executing SQL: /* SQLMESH_PLAN: dddcd97f15da4578b4147d73fe6d5a17 */ CREATE VIEW "ala_publicportal"."stg_docket_entries" AS SELECT * FROM "analytics"."sqlmesh__ala_publicportal"."ala_publicportal__stg_docket_entries__38168577" (base.py:2626)
2026-02-23 08:10:53,014 - ThreadPoolExecutor-6_1 - sqlmesh.core.engine_adapter.base - INFO - Executing SQL: /* SQLMESH_PLAN: dddcd97f15da4578b4147d73fe6d5a17 */ CREATE VIEW "warehouse"."court_ids" AS SELECT * FROM "analytics"."sqlmesh__warehouse"."warehouse__court_ids__4170995611" (base.py:2626)
2026-02-23 08:10:53,015 - ThreadPoolExecutor-6_0 - sqlmesh.core.engine_adapter.base - INFO - Executing SQL: /* SQLMESH_PLAN: dddcd97f15da4578b4147d73fe6d5a17 */ CREATE VIEW "ala_publicportal"."stg_oral_arguments" AS SELECT * FROM "analytics"."sqlmesh__ala_publicportal"."ala_publicportal__stg_oral_arguments__233520108" (base.py:2626)
2026-02-23 08:10:53,015 - ThreadPoolExecutor-6_3 - sqlmesh.core.engine_adapter.base - INFO - Executing SQL: /* SQLMESH_PLAN: dddcd97f15da4578b4147d73fe6d5a17 */ CREATE VIEW "conn_jud_ct_gov"."stg_docket_entries" AS SELECT * FROM "analytics"."sqlmesh__conn_jud_ct_gov"."conn_jud_ct_gov__stg_docket_entries__2755814363" (base.py:2626)
2026-02-23 08:10:53,016 - ThreadPoolExecutor-6_2 - sqlmesh.core.snapshot.evaluator - INFO - Updating view 'analytics.conn_jud_ct_gov.stg_oral_arguments' to point at table 'analytics.sqlmesh__conn_jud_ct_gov.conn_jud_ct_gov__stg_oral_arguments__698903318' (evaluator.py:1988)
2026-02-23 08:10:53,017 - ThreadPoolExecutor-6_2 - sqlmesh.core.engine_adapter.base - INFO - Executing SQL: /* SQLMESH_PLAN: dddcd97f15da4578b4147d73fe6d5a17 */ DROP VIEW IF EXISTS "conn_jud_ct_gov"."stg_oral_arguments" CASCADE (base.py:2626)
2026-02-23 08:10:53,017 - ThreadPoolExecutor-6_1 - sqlmesh.core.snapshot.evaluator - INFO - Updating view 'analytics.ala_publicportal.stg_historical_release_lists' to point at table 'analytics.sqlmesh__ala_publicportal.ala_publicportal__stg_historical_release_lists__2152523406' (evaluator.py:1988)
2026-02-23 08:10:53,017 - ThreadPoolExecutor-6_1 - sqlmesh.core.engine_adapter.base - INFO - Executing SQL: /* SQLMESH_PLAN: dddcd97f15da4578b4147d73fe6d5a17 */ DROP VIEW IF EXISTS "ala_publicportal"."stg_historical_release_lists" CASCADE (base.py:2626)
2026-02-23 08:10:53,017 - ThreadPoolExecutor-6_3 - sqlmesh.core.snapshot.evaluator - INFO - Updating view 'analytics.conn_jud_ct_gov.stg_opinions' to point at table 'analytics.sqlmesh__conn_jud_ct_gov.conn_jud_ct_gov__stg_opinions__1547817899' (evaluator.py:1988)
2026-02-23 08:10:53,018 - ThreadPoolExecutor-6_3 - sqlmesh.core.engine_adapter.base - INFO - Executing SQL: /* SQLMESH_PLAN: dddcd97f15da4578b4147d73fe6d5a17 */ DROP VIEW IF EXISTS "conn_jud_ct_gov"."stg_opinions" CASCADE (base.py:2626)
2026-02-23 08:10:53,018 - ThreadPoolExecutor-6_2 - sqlmesh.core.engine_adapter.base - INFO - Executing SQL: /* SQLMESH_PLAN: dddcd97f15da4578b4147d73fe6d5a17 */ CREATE VIEW "conn_jud_ct_gov"."stg_oral_arguments" AS SELECT * FROM "analytics"."sqlmesh__conn_jud_ct_gov"."conn_jud_ct_gov__stg_oral_arguments__698903318" (base.py:2626)
2026-02-23 08:10:53,018 - ThreadPoolExecutor-6_1 - sqlmesh.core.engine_adapter.base - INFO - Executing SQL: /* SQLMESH_PLAN: dddcd97f15da4578b4147d73fe6d5a17 */ CREATE VIEW "ala_publicportal"."stg_historical_release_lists" AS SELECT * FROM "analytics"."sqlmesh__ala_publicportal"."ala_publicportal__stg_historical_release_lists__2152523406" (base.py:2626)
2026-02-23 08:10:53,018 - ThreadPoolExecutor-6_0 - sqlmesh.core.snapshot.evaluator - INFO - Updating view 'analytics.ala_publicportal.stg_opinions' to point at table 'analytics.sqlmesh__ala_publicportal.ala_publicportal__stg_opinions__2908548464' (evaluator.py:1988)
2026-02-23 08:10:53,018 - ThreadPoolExecutor-6_3 - sqlmesh.core.engine_adapter.base - INFO - Executing SQL: /* SQLMESH_PLAN: dddcd97f15da4578b4147d73fe6d5a17 */ CREATE VIEW "conn_jud_ct_gov"."stg_opinions" AS SELECT * FROM "analytics"."sqlmesh__conn_jud_ct_gov"."conn_jud_ct_gov__stg_opinions__1547817899" (base.py:2626)
2026-02-23 08:10:53,019 - ThreadPoolExecutor-6_0 - sqlmesh.core.engine_adapter.base - INFO - Executing SQL: /* SQLMESH_PLAN: dddcd97f15da4578b4147d73fe6d5a17 */ DROP VIEW IF EXISTS "ala_publicportal"."stg_opinions" CASCADE (base.py:2626)
2026-02-23 08:10:53,019 - ThreadPoolExecutor-6_2 - sqlmesh.core.snapshot.evaluator - INFO - Updating view 'analytics.ala_publicportal.stg_docket_parties' to point at table 'analytics.sqlmesh__ala_publicportal.ala_publicportal__stg_docket_parties__2514220354' (evaluator.py:1988)
2026-02-23 08:10:53,019 - ThreadPoolExecutor-6_2 - sqlmesh.core.engine_adapter.base - INFO - Executing SQL: /* SQLMESH_PLAN: dddcd97f15da4578b4147d73fe6d5a17 */ DROP VIEW IF EXISTS "ala_publicportal"."stg_docket_parties" CASCADE (base.py:2626)
2026-02-23 08:10:53,019 - ThreadPoolExecutor-6_1 - sqlmesh.core.snapshot.evaluator - INFO - Updating view 'analytics.conn_jud_ct_gov.stg_docket_parties' to point at table 'analytics.sqlmesh__conn_jud_ct_gov.conn_jud_ct_gov__stg_docket_parties__482575367' (evaluator.py:1988)
2026-02-23 08:10:53,020 - ThreadPoolExecutor-6_2 - sqlmesh.core.engine_adapter.base - INFO - Executing SQL: /* SQLMESH_PLAN: dddcd97f15da4578b4147d73fe6d5a17 */ CREATE VIEW "ala_publicportal"."stg_docket_parties" AS SELECT * FROM "analytics"."sqlmesh__ala_publicportal"."ala_publicportal__stg_docket_parties__2514220354" (base.py:2626)
2026-02-23 08:10:53,020 - ThreadPoolExecutor-6_1 - sqlmesh.core.engine_adapter.base - INFO - Executing SQL: /* SQLMESH_PLAN: dddcd97f15da4578b4147d73fe6d5a17 */ DROP VIEW IF EXISTS "conn_jud_ct_gov"."stg_docket_parties" CASCADE (base.py:2626)
2026-02-23 08:10:53,020 - ThreadPoolExecutor-6_0 - sqlmesh.core.engine_adapter.base - INFO - Executing SQL: /* SQLMESH_PLAN: dddcd97f15da4578b4147d73fe6d5a17 */ CREATE VIEW "ala_publicportal"."stg_opinions" AS SELECT * FROM "analytics"."sqlmesh__ala_publicportal"."ala_publicportal__stg_opinions__2908548464" (base.py:2626)
2026-02-23 08:10:53,020 - ThreadPoolExecutor-6_3 - sqlmesh.core.snapshot.evaluator - INFO - Updating view 'analytics.ala_publicportal.stg_dockets' to point at table 'analytics.sqlmesh__ala_publicportal.ala_publicportal__stg_dockets__1075993663' (evaluator.py:1988)
2026-02-23 08:10:53,021 - ThreadPoolExecutor-6_3 - sqlmesh.core.engine_adapter.base - INFO - Executing SQL: /* SQLMESH_PLAN: dddcd97f15da4578b4147d73fe6d5a17 */ DROP VIEW IF EXISTS "ala_publicportal"."stg_dockets" CASCADE (base.py:2626)
2026-02-23 08:10:53,021 - ThreadPoolExecutor-6_1 - sqlmesh.core.engine_adapter.base - INFO - Executing SQL: /* SQLMESH_PLAN: dddcd97f15da4578b4147d73fe6d5a17 */ CREATE VIEW "conn_jud_ct_gov"."stg_docket_parties" AS SELECT * FROM "analytics"."sqlmesh__conn_jud_ct_gov"."conn_jud_ct_gov__stg_docket_parties__482575367" (base.py:2626)
2026-02-23 08:10:53,021 - ThreadPoolExecutor-6_3 - sqlmesh.core.engine_adapter.base - INFO - Executing SQL: /* SQLMESH_PLAN: dddcd97f15da4578b4147d73fe6d5a17 */ CREATE VIEW "ala_publicportal"."stg_dockets" AS SELECT * FROM "analytics"."sqlmesh__ala_publicportal"."ala_publicportal__stg_dockets__1075993663" (base.py:2626)
2026-02-23 08:10:53,021 - ThreadPoolExecutor-6_0 - sqlmesh.core.snapshot.evaluator - INFO - Updating view 'analytics.conn_jud_ct_gov.stg_dockets' to point at table 'analytics.sqlmesh__conn_jud_ct_gov.conn_jud_ct_gov__stg_dockets__1010441031' (evaluator.py:1988)
2026-02-23 08:10:53,022 - ThreadPoolExecutor-6_2 - sqlmesh.core.snapshot.evaluator - INFO - Updating view 'analytics.ala_publicportal.stg_opinion_clusters' to point at table 'analytics.sqlmesh__ala_publicportal.ala_publicportal__stg_opinion_clusters__395983550' (evaluator.py:1988)
2026-02-23 08:10:53,022 - ThreadPoolExecutor-6_0 - sqlmesh.core.engine_adapter.base - INFO - Executing SQL: /* SQLMESH_PLAN: dddcd97f15da4578b4147d73fe6d5a17 */ DROP VIEW IF EXISTS "conn_jud_ct_gov"."stg_dockets" CASCADE (base.py:2626)
2026-02-23 08:10:53,022 - ThreadPoolExecutor-6_2 - sqlmesh.core.engine_adapter.base - INFO - Executing SQL: /* SQLMESH_PLAN: dddcd97f15da4578b4147d73fe6d5a17 */ DROP VIEW IF EXISTS "ala_publicportal"."stg_opinion_clusters" CASCADE (base.py:2626)
2026-02-23 08:10:53,022 - ThreadPoolExecutor-6_1 - sqlmesh.core.snapshot.evaluator - INFO - Updating view 'analytics.conn_jud_ct_gov.stg_opinion_clusters' to point at table 'analytics.sqlmesh__conn_jud_ct_gov.conn_jud_ct_gov__stg_opinion_clusters__2234588168' (evaluator.py:1988)
2026-02-23 08:10:53,022 - ThreadPoolExecutor-6_3 - sqlmesh.core.snapshot.evaluator - INFO - Updating view 'analytics.courtlistener.docket_entries' to point at table 'analytics.sqlmesh__courtlistener.courtlistener__docket_entries__3477214708' (evaluator.py:1988)
2026-02-23 08:10:53,023 - ThreadPoolExecutor-6_1 - sqlmesh.core.engine_adapter.base - INFO - Executing SQL: /* SQLMESH_PLAN: dddcd97f15da4578b4147d73fe6d5a17 */ DROP VIEW IF EXISTS "conn_jud_ct_gov"."stg_opinion_clusters" CASCADE (base.py:2626)
2026-02-23 08:10:53,023 - ThreadPoolExecutor-6_0 - sqlmesh.core.engine_adapter.base - INFO - Executing SQL: /* SQLMESH_PLAN: dddcd97f15da4578b4147d73fe6d5a17 */ CREATE VIEW "conn_jud_ct_gov"."stg_dockets" AS SELECT * FROM "analytics"."sqlmesh__conn_jud_ct_gov"."conn_jud_ct_gov__stg_dockets__1010441031" (base.py:2626)
2026-02-23 08:10:53,023 - ThreadPoolExecutor-6_2 - sqlmesh.core.engine_adapter.base - INFO - Executing SQL: /* SQLMESH_PLAN: dddcd97f15da4578b4147d73fe6d5a17 */ CREATE VIEW "ala_publicportal"."stg_opinion_clusters" AS SELECT * FROM "analytics"."sqlmesh__ala_publicportal"."ala_publicportal__stg_opinion_clusters__395983550" (base.py:2626)
2026-02-23 08:10:53,023 - ThreadPoolExecutor-6_3 - sqlmesh.core.engine_adapter.base - INFO - Executing SQL: /* SQLMESH_PLAN: dddcd97f15da4578b4147d73fe6d5a17 */ DROP VIEW IF EXISTS "courtlistener"."docket_entries" CASCADE (base.py:2626)
2026-02-23 08:10:53,024 - ThreadPoolExecutor-6_1 - sqlmesh.core.engine_adapter.base - INFO - Executing SQL: /* SQLMESH_PLAN: dddcd97f15da4578b4147d73fe6d5a17 */ CREATE VIEW "conn_jud_ct_gov"."stg_opinion_clusters" AS SELECT * FROM "analytics"."sqlmesh__conn_jud_ct_gov"."conn_jud_ct_gov__stg_opinion_clusters__2234588168" (base.py:2626)
2026-02-23 08:10:53,024 - ThreadPoolExecutor-6_3 - sqlmesh.core.engine_adapter.base - INFO - Executing SQL: /* SQLMESH_PLAN: dddcd97f15da4578b4147d73fe6d5a17 */ CREATE VIEW "courtlistener"."docket_entries" AS SELECT * FROM "analytics"."sqlmesh__courtlistener"."courtlistener__docket_entries__3477214708" (base.py:2626)
2026-02-23 08:10:53,024 - ThreadPoolExecutor-6_2 - sqlmesh.core.snapshot.evaluator - INFO - Updating view 'analytics.courtlistener.audio' to point at table 'analytics.sqlmesh__courtlistener.courtlistener__audio__2502515818' (evaluator.py:1988)
2026-02-23 08:10:53,025 - ThreadPoolExecutor-6_2 - sqlmesh.core.engine_adapter.base - INFO - Executing SQL: /* SQLMESH_PLAN: dddcd97f15da4578b4147d73fe6d5a17 */ DROP VIEW IF EXISTS "courtlistener"."audio" CASCADE (base.py:2626)
2026-02-23 08:10:53,025 - ThreadPoolExecutor-6_0 - sqlmesh.core.snapshot.evaluator - INFO - Updating view 'analytics.courtlistener.opinions' to point at table 'analytics.sqlmesh__courtlistener.courtlistener__opinions__1017876330' (evaluator.py:1988)
2026-02-23 08:10:53,025 - ThreadPoolExecutor-6_1 - sqlmesh.core.snapshot.evaluator - INFO - Updating view 'analytics.courtlistener.originating_court_information' to point at table 'analytics.sqlmesh__courtlistener.courtlistener__originating_court_information__3541777901' (evaluator.py:1988)
2026-02-23 08:10:53,025 - ThreadPoolExecutor-6_0 - sqlmesh.core.engine_adapter.base - INFO - Executing SQL: /* SQLMESH_PLAN: dddcd97f15da4578b4147d73fe6d5a17 */ DROP VIEW IF EXISTS "courtlistener"."opinions" CASCADE (base.py:2626)
2026-02-23 08:10:53,026 - ThreadPoolExecutor-6_3 - sqlmesh.core.snapshot.evaluator - INFO - Updating view 'analytics.courtlistener.dockets' to point at table 'analytics.sqlmesh__courtlistener.courtlistener__dockets__3490974651' (evaluator.py:1988)
2026-02-23 08:10:53,026 - ThreadPoolExecutor-6_1 - sqlmesh.core.engine_adapter.base - INFO - Executing SQL: /* SQLMESH_PLAN: dddcd97f15da4578b4147d73fe6d5a17 */ DROP VIEW IF EXISTS "courtlistener"."originating_court_information" CASCADE (base.py:2626)
2026-02-23 08:10:53,026 - ThreadPoolExecutor-6_2 - sqlmesh.core.engine_adapter.base - INFO - Executing SQL: /* SQLMESH_PLAN: dddcd97f15da4578b4147d73fe6d5a17 */ CREATE VIEW "courtlistener"."audio" AS SELECT * FROM "analytics"."sqlmesh__courtlistener"."courtlistener__audio__2502515818" (base.py:2626)
2026-02-23 08:10:53,026 - ThreadPoolExecutor-6_3 - sqlmesh.core.engine_adapter.base - INFO - Executing SQL: /* SQLMESH_PLAN: dddcd97f15da4578b4147d73fe6d5a17 */ DROP VIEW IF EXISTS "courtlistener"."dockets" CASCADE (base.py:2626)
2026-02-23 08:10:53,026 - ThreadPoolExecutor-6_0 - sqlmesh.core.engine_adapter.base - INFO - Executing SQL: /* SQLMESH_PLAN: dddcd97f15da4578b4147d73fe6d5a17 */ CREATE VIEW "courtlistener"."opinions" AS SELECT * FROM "analytics"."sqlmesh__courtlistener"."courtlistener__opinions__1017876330" (base.py:2626)
2026-02-23 08:10:53,027 - ThreadPoolExecutor-6_3 - sqlmesh.core.engine_adapter.base - INFO - Executing SQL: /* SQLMESH_PLAN: dddcd97f15da4578b4147d73fe6d5a17 */ CREATE VIEW "courtlistener"."dockets" AS SELECT * FROM "analytics"."sqlmesh__courtlistener"."courtlistener__dockets__3490974651" (base.py:2626)
2026-02-23 08:10:53,027 - ThreadPoolExecutor-6_1 - sqlmesh.core.engine_adapter.base - INFO - Executing SQL: /* SQLMESH_PLAN: dddcd97f15da4578b4147d73fe6d5a17 */ CREATE VIEW "courtlistener"."originating_court_information" AS SELECT * FROM "analytics"."sqlmesh__courtlistener"."courtlistener__originating_court_information__3541777901" (base.py:2626)
2026-02-23 08:10:53,027 - ThreadPoolExecutor-6_2 - sqlmesh.core.snapshot.evaluator - INFO - Updating view 'analytics.courtlistener.opinion_clusters' to point at table 'analytics.sqlmesh__courtlistener.courtlistener__opinion_clusters__778615652' (evaluator.py:1988)
2026-02-23 08:10:53,028 - ThreadPoolExecutor-6_2 - sqlmesh.core.engine_adapter.base - INFO - Executing SQL: /* SQLMESH_PLAN: dddcd97f15da4578b4147d73fe6d5a17 */ DROP VIEW IF EXISTS "courtlistener"."opinion_clusters" CASCADE (base.py:2626)
2026-02-23 08:10:53,028 - ThreadPoolExecutor-6_2 - sqlmesh.core.engine_adapter.base - INFO - Executing SQL: /* SQLMESH_PLAN: dddcd97f15da4578b4147d73fe6d5a17 */ CREATE VIEW "courtlistener"."opinion_clusters" AS SELECT * FROM "analytics"."sqlmesh__courtlistener"."courtlistener__opinion_clusters__778615652" (base.py:2626)
2026-02-23 08:10:53,030 - MainThread - sqlmesh.core.plan.evaluator - INFO - Evaluating plan stage FinalizeEnvironmentStage (evaluator.py:123)
2026-02-23 08:10:53,031 - MainThread - sqlmesh.core.state_sync.db.environment - INFO - Finalizing environment 'prod' (environment.py:141)
2026-02-23 08:10:53,032 - MainThread - root - INFO - Shutting down the event dispatcher (dispatcher.py:159)
