2026-02-24 09:35:20,129 - MainThread - sqlmesh.core.config.connection - INFO - Creating new DuckDB adapter for in-memory database (connection.py:498)
2026-02-24 09:35:20,138 - MainThread - sqlmesh.core.config.connection - INFO - Creating new DuckDB adapter for in-memory database (connection.py:498)
2026-02-24 09:35:20,138 - MainThread - sqlmesh.core.config.connection - INFO - Creating new DuckDB adapter for in-memory database (connection.py:498)
2026-02-24 09:35:20,651 - MainThread - sqlmesh.core.plan.evaluator - INFO - Evaluating plan stage PhysicalLayerSchemaCreationStage (evaluator.py:123)
2026-02-24 09:35:20,655 - ThreadPoolExecutor-1_0 - sqlmesh.core.snapshot.evaluator - INFO - Creating schema 'analytics.sqlmesh__conn_jud_ct_gov' (evaluator.py:1449)
2026-02-24 09:35:20,655 - ThreadPoolExecutor-1_1 - sqlmesh.core.snapshot.evaluator - INFO - Creating schema 'analytics.sqlmesh__warehouse' (evaluator.py:1449)
2026-02-24 09:35:20,655 - ThreadPoolExecutor-1_2 - sqlmesh.core.snapshot.evaluator - INFO - Creating schema 'analytics.sqlmesh__ala_publicportal' (evaluator.py:1449)
2026-02-24 09:35:20,655 - ThreadPoolExecutor-1_3 - sqlmesh.core.snapshot.evaluator - INFO - Creating schema 'analytics.sqlmesh__courtlistener' (evaluator.py:1449)
2026-02-24 09:35:20,660 - ThreadPoolExecutor-1_0 - sqlmesh.core.engine_adapter.base - INFO - Executing SQL: /* SQLMESH_PLAN: 559a1522e0ae4eb19eb1676ab7187e10 */ CREATE SCHEMA IF NOT EXISTS "sqlmesh__conn_jud_ct_gov" (base.py:2626)
2026-02-24 09:35:20,665 - ThreadPoolExecutor-1_1 - sqlmesh.core.engine_adapter.base - INFO - Executing SQL: /* SQLMESH_PLAN: 559a1522e0ae4eb19eb1676ab7187e10 */ CREATE SCHEMA IF NOT EXISTS "sqlmesh__warehouse" (base.py:2626)
2026-02-24 09:35:20,669 - ThreadPoolExecutor-1_2 - sqlmesh.core.engine_adapter.base - INFO - Executing SQL: /* SQLMESH_PLAN: 559a1522e0ae4eb19eb1676ab7187e10 */ CREATE SCHEMA IF NOT EXISTS "sqlmesh__ala_publicportal" (base.py:2626)
2026-02-24 09:35:20,673 - ThreadPoolExecutor-1_3 - sqlmesh.core.engine_adapter.base - INFO - Executing SQL: /* SQLMESH_PLAN: 559a1522e0ae4eb19eb1676ab7187e10 */ CREATE SCHEMA IF NOT EXISTS "sqlmesh__courtlistener" (base.py:2626)
2026-02-24 09:35:20,674 - MainThread - sqlmesh.core.plan.evaluator - INFO - Evaluating plan stage PhysicalLayerUpdateStage (evaluator.py:123)
2026-02-24 09:35:20,678 - ThreadPoolExecutor-2_0 - sqlmesh.core.snapshot.evaluator - INFO - Listing data objects in schema analytics.sqlmesh__ala_publicportal (evaluator.py:1616)
2026-02-24 09:35:20,678 - ThreadPoolExecutor-2_1 - sqlmesh.core.snapshot.evaluator - INFO - Listing data objects in schema analytics.sqlmesh__courtlistener (evaluator.py:1616)
2026-02-24 09:35:20,678 - ThreadPoolExecutor-2_2 - sqlmesh.core.snapshot.evaluator - INFO - Listing data objects in schema analytics.sqlmesh__conn_jud_ct_gov (evaluator.py:1616)
2026-02-24 09:35:20,678 - ThreadPoolExecutor-2_3 - sqlmesh.core.snapshot.evaluator - INFO - Listing data objects in schema analytics.sqlmesh__warehouse (evaluator.py:1616)
2026-02-24 09:35:20,682 - ThreadPoolExecutor-2_0 - sqlmesh.core.engine_adapter.base - INFO - Executing SQL: /* SQLMESH_PLAN: 559a1522e0ae4eb19eb1676ab7187e10 */ SELECT current_catalog (base.py:2626)
2026-02-24 09:35:20,686 - ThreadPoolExecutor-2_1 - sqlmesh.core.engine_adapter.base - INFO - Executing SQL: /* SQLMESH_PLAN: 559a1522e0ae4eb19eb1676ab7187e10 */ SELECT current_catalog (base.py:2626)
2026-02-24 09:35:20,691 - ThreadPoolExecutor-2_2 - sqlmesh.core.engine_adapter.base - INFO - Executing SQL: /* SQLMESH_PLAN: 559a1522e0ae4eb19eb1676ab7187e10 */ SELECT current_catalog (base.py:2626)
2026-02-24 09:35:20,695 - ThreadPoolExecutor-2_3 - sqlmesh.core.engine_adapter.base - INFO - Executing SQL: /* SQLMESH_PLAN: 559a1522e0ae4eb19eb1676ab7187e10 */ SELECT current_catalog (base.py:2626)
2026-02-24 09:35:20,750 - MainThread - sqlmesh.core.plan.evaluator - INFO - Evaluating plan stage BackfillStage (evaluator.py:123)
2026-02-24 09:35:20,750 - MainThread - sqlmesh.core.plan.evaluator - INFO - Evaluating plan stage EnvironmentRecordUpdateStage (evaluator.py:123)
2026-02-24 09:35:20,751 - MainThread - sqlmesh.core.state_sync.db.facade - INFO - Promoting environment 'prod' (facade.py:167)
2026-02-24 09:35:20,760 - MainThread - sqlmesh.core.plan.evaluator - INFO - Evaluating plan stage UnpauseStage (evaluator.py:123)
2026-02-24 09:35:20,765 - MainThread - sqlmesh.core.plan.evaluator - INFO - Evaluating plan stage VirtualLayerUpdateStage (evaluator.py:123)
2026-02-24 09:35:20,768 - ThreadPoolExecutor-3_0 - sqlmesh.core.snapshot.evaluator - INFO - Creating schema 'analytics.conn_jud_ct_gov' (evaluator.py:1449)
2026-02-24 09:35:20,768 - ThreadPoolExecutor-3_1 - sqlmesh.core.snapshot.evaluator - INFO - Creating schema 'analytics.ala_publicportal' (evaluator.py:1449)
2026-02-24 09:35:20,769 - ThreadPoolExecutor-3_2 - sqlmesh.core.snapshot.evaluator - INFO - Creating schema 'analytics.courtlistener' (evaluator.py:1449)
2026-02-24 09:35:20,773 - ThreadPoolExecutor-3_0 - sqlmesh.core.engine_adapter.base - INFO - Executing SQL: /* SQLMESH_PLAN: 559a1522e0ae4eb19eb1676ab7187e10 */ CREATE SCHEMA IF NOT EXISTS "conn_jud_ct_gov" (base.py:2626)
2026-02-24 09:35:20,777 - ThreadPoolExecutor-3_1 - sqlmesh.core.engine_adapter.base - INFO - Executing SQL: /* SQLMESH_PLAN: 559a1522e0ae4eb19eb1676ab7187e10 */ CREATE SCHEMA IF NOT EXISTS "ala_publicportal" (base.py:2626)
2026-02-24 09:35:20,782 - ThreadPoolExecutor-3_2 - sqlmesh.core.engine_adapter.base - INFO - Executing SQL: /* SQLMESH_PLAN: 559a1522e0ae4eb19eb1676ab7187e10 */ CREATE SCHEMA IF NOT EXISTS "courtlistener" (base.py:2626)
2026-02-24 09:35:20,784 - ThreadPoolExecutor-4_0 - sqlmesh.core.snapshot.evaluator - INFO - Listing data objects in schema analytics.ala_publicportal (evaluator.py:1616)
2026-02-24 09:35:20,785 - ThreadPoolExecutor-4_1 - sqlmesh.core.snapshot.evaluator - INFO - Listing data objects in schema analytics.courtlistener (evaluator.py:1616)
2026-02-24 09:35:20,785 - ThreadPoolExecutor-4_2 - sqlmesh.core.snapshot.evaluator - INFO - Listing data objects in schema analytics.conn_jud_ct_gov (evaluator.py:1616)
2026-02-24 09:35:20,789 - ThreadPoolExecutor-4_0 - sqlmesh.core.engine_adapter.base - INFO - Executing SQL: /* SQLMESH_PLAN: 559a1522e0ae4eb19eb1676ab7187e10 */ SELECT current_catalog (base.py:2626)
2026-02-24 09:35:20,793 - ThreadPoolExecutor-4_1 - sqlmesh.core.engine_adapter.base - INFO - Executing SQL: /* SQLMESH_PLAN: 559a1522e0ae4eb19eb1676ab7187e10 */ SELECT current_catalog (base.py:2626)
2026-02-24 09:35:20,797 - ThreadPoolExecutor-4_2 - sqlmesh.core.engine_adapter.base - INFO - Executing SQL: /* SQLMESH_PLAN: 559a1522e0ae4eb19eb1676ab7187e10 */ SELECT current_catalog (base.py:2626)
2026-02-24 09:35:20,809 - ThreadPoolExecutor-5_0 - sqlmesh.core.snapshot.evaluator - INFO - Updating view 'analytics.ala_publicportal.latest_historical_release_lists' to point at table 'analytics.sqlmesh__ala_publicportal.ala_publicportal__latest_historical_release_lists__621637290' (evaluator.py:1988)
2026-02-24 09:35:20,809 - ThreadPoolExecutor-5_0 - sqlmesh.core.engine_adapter.base - INFO - Executing SQL: /* SQLMESH_PLAN: 559a1522e0ae4eb19eb1676ab7187e10 */ DROP VIEW IF EXISTS "ala_publicportal"."latest_historical_release_lists" CASCADE (base.py:2626)
2026-02-24 09:35:20,813 - ThreadPoolExecutor-5_1 - sqlmesh.core.snapshot.evaluator - INFO - Updating view 'analytics.conn_jud_ct_gov.latest_dockets' to point at table 'analytics.sqlmesh__conn_jud_ct_gov.conn_jud_ct_gov__latest_dockets__1947386244' (evaluator.py:1988)
2026-02-24 09:35:20,814 - ThreadPoolExecutor-5_1 - sqlmesh.core.engine_adapter.base - INFO - Executing SQL: /* SQLMESH_PLAN: 559a1522e0ae4eb19eb1676ab7187e10 */ DROP VIEW IF EXISTS "conn_jud_ct_gov"."latest_dockets" CASCADE (base.py:2626)
2026-02-24 09:35:20,818 - ThreadPoolExecutor-5_2 - sqlmesh.core.snapshot.evaluator - INFO - Updating view 'analytics.ala_publicportal.latest_dockets' to point at table 'analytics.sqlmesh__ala_publicportal.ala_publicportal__latest_dockets__1343127200' (evaluator.py:1988)
2026-02-24 09:35:20,818 - ThreadPoolExecutor-5_2 - sqlmesh.core.engine_adapter.base - INFO - Executing SQL: /* SQLMESH_PLAN: 559a1522e0ae4eb19eb1676ab7187e10 */ DROP VIEW IF EXISTS "ala_publicportal"."latest_dockets" CASCADE (base.py:2626)
2026-02-24 09:35:20,822 - ThreadPoolExecutor-5_3 - sqlmesh.core.snapshot.evaluator - INFO - Updating view 'analytics.conn_jud_ct_gov.latest_opinion_clusters' to point at table 'analytics.sqlmesh__conn_jud_ct_gov.conn_jud_ct_gov__latest_opinion_clusters__1667545445' (evaluator.py:1988)
2026-02-24 09:35:20,822 - ThreadPoolExecutor-5_3 - sqlmesh.core.engine_adapter.base - INFO - Executing SQL: /* SQLMESH_PLAN: 559a1522e0ae4eb19eb1676ab7187e10 */ DROP VIEW IF EXISTS "conn_jud_ct_gov"."latest_opinion_clusters" CASCADE (base.py:2626)
2026-02-24 09:35:20,823 - ThreadPoolExecutor-5_0 - sqlmesh.core.engine_adapter.base - INFO - Executing SQL: /* SQLMESH_PLAN: 559a1522e0ae4eb19eb1676ab7187e10 */ CREATE VIEW "ala_publicportal"."latest_historical_release_lists" AS SELECT * FROM "analytics"."sqlmesh__ala_publicportal"."ala_publicportal__latest_historical_release_lists__621637290" (base.py:2626)
2026-02-24 09:35:20,823 - ThreadPoolExecutor-5_1 - sqlmesh.core.engine_adapter.base - INFO - Executing SQL: /* SQLMESH_PLAN: 559a1522e0ae4eb19eb1676ab7187e10 */ CREATE VIEW "conn_jud_ct_gov"."latest_dockets" AS SELECT * FROM "analytics"."sqlmesh__conn_jud_ct_gov"."conn_jud_ct_gov__latest_dockets__1947386244" (base.py:2626)
2026-02-24 09:35:20,823 - ThreadPoolExecutor-5_2 - sqlmesh.core.engine_adapter.base - INFO - Executing SQL: /* SQLMESH_PLAN: 559a1522e0ae4eb19eb1676ab7187e10 */ CREATE VIEW "ala_publicportal"."latest_dockets" AS SELECT * FROM "analytics"."sqlmesh__ala_publicportal"."ala_publicportal__latest_dockets__1343127200" (base.py:2626)
2026-02-24 09:35:20,823 - ThreadPoolExecutor-5_3 - sqlmesh.core.engine_adapter.base - INFO - Executing SQL: /* SQLMESH_PLAN: 559a1522e0ae4eb19eb1676ab7187e10 */ CREATE VIEW "conn_jud_ct_gov"."latest_opinion_clusters" AS SELECT * FROM "analytics"."sqlmesh__conn_jud_ct_gov"."conn_jud_ct_gov__latest_opinion_clusters__1667545445" (base.py:2626)
2026-02-24 09:35:20,825 - ThreadPoolExecutor-5_0 - sqlmesh.core.snapshot.evaluator - INFO - Updating view 'analytics.conn_jud_ct_gov.latest_docket_entries' to point at table 'analytics.sqlmesh__conn_jud_ct_gov.conn_jud_ct_gov__latest_docket_entries__3960576775' (evaluator.py:1988)
2026-02-24 09:35:20,825 - ThreadPoolExecutor-5_0 - sqlmesh.core.engine_adapter.base - INFO - Executing SQL: /* SQLMESH_PLAN: 559a1522e0ae4eb19eb1676ab7187e10 */ DROP VIEW IF EXISTS "conn_jud_ct_gov"."latest_docket_entries" CASCADE (base.py:2626)
2026-02-24 09:35:20,826 - ThreadPoolExecutor-5_2 - sqlmesh.core.snapshot.evaluator - INFO - Updating view 'analytics.ala_publicportal.latest_oral_arguments' to point at table 'analytics.sqlmesh__ala_publicportal.ala_publicportal__latest_oral_arguments__747610634' (evaluator.py:1988)
2026-02-24 09:35:20,826 - ThreadPoolExecutor-5_2 - sqlmesh.core.engine_adapter.base - INFO - Executing SQL: /* SQLMESH_PLAN: 559a1522e0ae4eb19eb1676ab7187e10 */ DROP VIEW IF EXISTS "ala_publicportal"."latest_oral_arguments" CASCADE (base.py:2626)
2026-02-24 09:35:20,826 - ThreadPoolExecutor-5_1 - sqlmesh.core.snapshot.evaluator - INFO - Updating view 'analytics.ala_publicportal.latest_opinion_clusters' to point at table 'analytics.sqlmesh__ala_publicportal.ala_publicportal__latest_opinion_clusters__1693603027' (evaluator.py:1988)
2026-02-24 09:35:20,826 - ThreadPoolExecutor-5_0 - sqlmesh.core.engine_adapter.base - INFO - Executing SQL: /* SQLMESH_PLAN: 559a1522e0ae4eb19eb1676ab7187e10 */ CREATE VIEW "conn_jud_ct_gov"."latest_docket_entries" AS SELECT * FROM "analytics"."sqlmesh__conn_jud_ct_gov"."conn_jud_ct_gov__latest_docket_entries__3960576775" (base.py:2626)
2026-02-24 09:35:20,826 - ThreadPoolExecutor-5_1 - sqlmesh.core.engine_adapter.base - INFO - Executing SQL: /* SQLMESH_PLAN: 559a1522e0ae4eb19eb1676ab7187e10 */ DROP VIEW IF EXISTS "ala_publicportal"."latest_opinion_clusters" CASCADE (base.py:2626)
2026-02-24 09:35:20,827 - ThreadPoolExecutor-5_3 - sqlmesh.core.snapshot.evaluator - INFO - Updating view 'analytics.conn_jud_ct_gov.latest_oral_arguments' to point at table 'analytics.sqlmesh__conn_jud_ct_gov.conn_jud_ct_gov__latest_oral_arguments__283457863' (evaluator.py:1988)
2026-02-24 09:35:20,827 - ThreadPoolExecutor-5_2 - sqlmesh.core.engine_adapter.base - INFO - Executing SQL: /* SQLMESH_PLAN: 559a1522e0ae4eb19eb1676ab7187e10 */ CREATE VIEW "ala_publicportal"."latest_oral_arguments" AS SELECT * FROM "analytics"."sqlmesh__ala_publicportal"."ala_publicportal__latest_oral_arguments__747610634" (base.py:2626)
2026-02-24 09:35:20,827 - ThreadPoolExecutor-5_3 - sqlmesh.core.engine_adapter.base - INFO - Executing SQL: /* SQLMESH_PLAN: 559a1522e0ae4eb19eb1676ab7187e10 */ DROP VIEW IF EXISTS "conn_jud_ct_gov"."latest_oral_arguments" CASCADE (base.py:2626)
2026-02-24 09:35:20,827 - ThreadPoolExecutor-5_1 - sqlmesh.core.engine_adapter.base - INFO - Executing SQL: /* SQLMESH_PLAN: 559a1522e0ae4eb19eb1676ab7187e10 */ CREATE VIEW "ala_publicportal"."latest_opinion_clusters" AS SELECT * FROM "analytics"."sqlmesh__ala_publicportal"."ala_publicportal__latest_opinion_clusters__1693603027" (base.py:2626)
2026-02-24 09:35:20,828 - ThreadPoolExecutor-5_3 - sqlmesh.core.engine_adapter.base - INFO - Executing SQL: /* SQLMESH_PLAN: 559a1522e0ae4eb19eb1676ab7187e10 */ CREATE VIEW "conn_jud_ct_gov"."latest_oral_arguments" AS SELECT * FROM "analytics"."sqlmesh__conn_jud_ct_gov"."conn_jud_ct_gov__latest_oral_arguments__283457863" (base.py:2626)
2026-02-24 09:35:20,828 - ThreadPoolExecutor-5_0 - sqlmesh.core.snapshot.evaluator - INFO - Updating view 'analytics.ala_publicportal.staged_historical_release_lists' to point at table 'analytics.sqlmesh__ala_publicportal.ala_publicportal__staged_historical_release_lists__2253847917' (evaluator.py:1988)
2026-02-24 09:35:20,828 - ThreadPoolExecutor-5_2 - sqlmesh.core.snapshot.evaluator - INFO - Updating view 'analytics.ala_publicportal.staged_docket_entries' to point at table 'analytics.sqlmesh__ala_publicportal.ala_publicportal__staged_docket_entries__2950849754' (evaluator.py:1988)
2026-02-24 09:35:20,829 - ThreadPoolExecutor-5_1 - sqlmesh.core.snapshot.evaluator - INFO - Updating view 'analytics.ala_publicportal.staged_docket_parties' to point at table 'analytics.sqlmesh__ala_publicportal.ala_publicportal__staged_docket_parties__332605939' (evaluator.py:1988)
2026-02-24 09:35:20,829 - ThreadPoolExecutor-5_0 - sqlmesh.core.engine_adapter.base - INFO - Executing SQL: /* SQLMESH_PLAN: 559a1522e0ae4eb19eb1676ab7187e10 */ DROP VIEW IF EXISTS "ala_publicportal"."staged_historical_release_lists" CASCADE (base.py:2626)
2026-02-24 09:35:20,829 - ThreadPoolExecutor-5_2 - sqlmesh.core.engine_adapter.base - INFO - Executing SQL: /* SQLMESH_PLAN: 559a1522e0ae4eb19eb1676ab7187e10 */ DROP VIEW IF EXISTS "ala_publicportal"."staged_docket_entries" CASCADE (base.py:2626)
2026-02-24 09:35:20,829 - ThreadPoolExecutor-5_3 - sqlmesh.core.snapshot.evaluator - INFO - Updating view 'analytics.ala_publicportal.staged_dockets' to point at table 'analytics.sqlmesh__ala_publicportal.ala_publicportal__staged_dockets__400276936' (evaluator.py:1988)
2026-02-24 09:35:20,830 - ThreadPoolExecutor-5_1 - sqlmesh.core.engine_adapter.base - INFO - Executing SQL: /* SQLMESH_PLAN: 559a1522e0ae4eb19eb1676ab7187e10 */ DROP VIEW IF EXISTS "ala_publicportal"."staged_docket_parties" CASCADE (base.py:2626)
2026-02-24 09:35:20,830 - ThreadPoolExecutor-5_3 - sqlmesh.core.engine_adapter.base - INFO - Executing SQL: /* SQLMESH_PLAN: 559a1522e0ae4eb19eb1676ab7187e10 */ DROP VIEW IF EXISTS "ala_publicportal"."staged_dockets" CASCADE (base.py:2626)
2026-02-24 09:35:20,830 - ThreadPoolExecutor-5_2 - sqlmesh.core.engine_adapter.base - INFO - Executing SQL: /* SQLMESH_PLAN: 559a1522e0ae4eb19eb1676ab7187e10 */ CREATE VIEW "ala_publicportal"."staged_docket_entries" AS SELECT * FROM "analytics"."sqlmesh__ala_publicportal"."ala_publicportal__staged_docket_entries__2950849754" (base.py:2626)
2026-02-24 09:35:20,830 - ThreadPoolExecutor-5_0 - sqlmesh.core.engine_adapter.base - INFO - Executing SQL: /* SQLMESH_PLAN: 559a1522e0ae4eb19eb1676ab7187e10 */ CREATE VIEW "ala_publicportal"."staged_historical_release_lists" AS SELECT * FROM "analytics"."sqlmesh__ala_publicportal"."ala_publicportal__staged_historical_release_lists__2253847917" (base.py:2626)
2026-02-24 09:35:20,830 - ThreadPoolExecutor-5_1 - sqlmesh.core.engine_adapter.base - INFO - Executing SQL: /* SQLMESH_PLAN: 559a1522e0ae4eb19eb1676ab7187e10 */ CREATE VIEW "ala_publicportal"."staged_docket_parties" AS SELECT * FROM "analytics"."sqlmesh__ala_publicportal"."ala_publicportal__staged_docket_parties__332605939" (base.py:2626)
2026-02-24 09:35:20,831 - ThreadPoolExecutor-5_3 - sqlmesh.core.engine_adapter.base - INFO - Executing SQL: /* SQLMESH_PLAN: 559a1522e0ae4eb19eb1676ab7187e10 */ CREATE VIEW "ala_publicportal"."staged_dockets" AS SELECT * FROM "analytics"."sqlmesh__ala_publicportal"."ala_publicportal__staged_dockets__400276936" (base.py:2626)
2026-02-24 09:35:20,831 - ThreadPoolExecutor-5_0 - sqlmesh.core.snapshot.evaluator - INFO - Updating view 'analytics.conn_jud_ct_gov.staged_dockets' to point at table 'analytics.sqlmesh__conn_jud_ct_gov.conn_jud_ct_gov__staged_dockets__2727737524' (evaluator.py:1988)
2026-02-24 09:35:20,831 - ThreadPoolExecutor-5_2 - sqlmesh.core.snapshot.evaluator - INFO - Updating view 'analytics.conn_jud_ct_gov.staged_docket_parties' to point at table 'analytics.sqlmesh__conn_jud_ct_gov.conn_jud_ct_gov__staged_docket_parties__547030290' (evaluator.py:1988)
2026-02-24 09:35:20,832 - ThreadPoolExecutor-5_1 - sqlmesh.core.snapshot.evaluator - INFO - Updating view 'analytics.conn_jud_ct_gov.staged_opinion_clusters' to point at table 'analytics.sqlmesh__conn_jud_ct_gov.conn_jud_ct_gov__staged_opinion_clusters__859272131' (evaluator.py:1988)
2026-02-24 09:35:20,832 - ThreadPoolExecutor-5_0 - sqlmesh.core.engine_adapter.base - INFO - Executing SQL: /* SQLMESH_PLAN: 559a1522e0ae4eb19eb1676ab7187e10 */ DROP VIEW IF EXISTS "conn_jud_ct_gov"."staged_dockets" CASCADE (base.py:2626)
2026-02-24 09:35:20,832 - ThreadPoolExecutor-5_3 - sqlmesh.core.snapshot.evaluator - INFO - Updating view 'analytics.conn_jud_ct_gov.staged_opinions' to point at table 'analytics.sqlmesh__conn_jud_ct_gov.conn_jud_ct_gov__staged_opinions__817418892' (evaluator.py:1988)
2026-02-24 09:35:20,832 - ThreadPoolExecutor-5_2 - sqlmesh.core.engine_adapter.base - INFO - Executing SQL: /* SQLMESH_PLAN: 559a1522e0ae4eb19eb1676ab7187e10 */ DROP VIEW IF EXISTS "conn_jud_ct_gov"."staged_docket_parties" CASCADE (base.py:2626)
2026-02-24 09:35:20,832 - ThreadPoolExecutor-5_1 - sqlmesh.core.engine_adapter.base - INFO - Executing SQL: /* SQLMESH_PLAN: 559a1522e0ae4eb19eb1676ab7187e10 */ DROP VIEW IF EXISTS "conn_jud_ct_gov"."staged_opinion_clusters" CASCADE (base.py:2626)
2026-02-24 09:35:20,833 - ThreadPoolExecutor-5_3 - sqlmesh.core.engine_adapter.base - INFO - Executing SQL: /* SQLMESH_PLAN: 559a1522e0ae4eb19eb1676ab7187e10 */ DROP VIEW IF EXISTS "conn_jud_ct_gov"."staged_opinions" CASCADE (base.py:2626)
2026-02-24 09:35:20,833 - ThreadPoolExecutor-5_0 - sqlmesh.core.engine_adapter.base - INFO - Executing SQL: /* SQLMESH_PLAN: 559a1522e0ae4eb19eb1676ab7187e10 */ CREATE VIEW "conn_jud_ct_gov"."staged_dockets" AS SELECT * FROM "analytics"."sqlmesh__conn_jud_ct_gov"."conn_jud_ct_gov__staged_dockets__2727737524" (base.py:2626)
2026-02-24 09:35:20,833 - ThreadPoolExecutor-5_1 - sqlmesh.core.engine_adapter.base - INFO - Executing SQL: /* SQLMESH_PLAN: 559a1522e0ae4eb19eb1676ab7187e10 */ CREATE VIEW "conn_jud_ct_gov"."staged_opinion_clusters" AS SELECT * FROM "analytics"."sqlmesh__conn_jud_ct_gov"."conn_jud_ct_gov__staged_opinion_clusters__859272131" (base.py:2626)
2026-02-24 09:35:20,833 - ThreadPoolExecutor-5_3 - sqlmesh.core.engine_adapter.base - INFO - Executing SQL: /* SQLMESH_PLAN: 559a1522e0ae4eb19eb1676ab7187e10 */ CREATE VIEW "conn_jud_ct_gov"."staged_opinions" AS SELECT * FROM "analytics"."sqlmesh__conn_jud_ct_gov"."conn_jud_ct_gov__staged_opinions__817418892" (base.py:2626)
2026-02-24 09:35:20,833 - ThreadPoolExecutor-5_2 - sqlmesh.core.engine_adapter.base - INFO - Executing SQL: /* SQLMESH_PLAN: 559a1522e0ae4eb19eb1676ab7187e10 */ CREATE VIEW "conn_jud_ct_gov"."staged_docket_parties" AS SELECT * FROM "analytics"."sqlmesh__conn_jud_ct_gov"."conn_jud_ct_gov__staged_docket_parties__547030290" (base.py:2626)
2026-02-24 09:35:20,834 - ThreadPoolExecutor-5_0 - sqlmesh.core.snapshot.evaluator - INFO - Updating view 'analytics.conn_jud_ct_gov.staged_docket_entries' to point at table 'analytics.sqlmesh__conn_jud_ct_gov.conn_jud_ct_gov__staged_docket_entries__139211030' (evaluator.py:1988)
2026-02-24 09:35:20,834 - ThreadPoolExecutor-5_0 - sqlmesh.core.engine_adapter.base - INFO - Executing SQL: /* SQLMESH_PLAN: 559a1522e0ae4eb19eb1676ab7187e10 */ DROP VIEW IF EXISTS "conn_jud_ct_gov"."staged_docket_entries" CASCADE (base.py:2626)
2026-02-24 09:35:20,835 - ThreadPoolExecutor-5_2 - sqlmesh.core.snapshot.evaluator - INFO - Updating view 'analytics.ala_publicportal.staged_oral_arguments' to point at table 'analytics.sqlmesh__ala_publicportal.ala_publicportal__staged_oral_arguments__1992879253' (evaluator.py:1988)
2026-02-24 09:35:20,835 - ThreadPoolExecutor-5_1 - sqlmesh.core.snapshot.evaluator - INFO - Updating view 'analytics.ala_publicportal.staged_opinion_clusters' to point at table 'analytics.sqlmesh__ala_publicportal.ala_publicportal__staged_opinion_clusters__4027648436' (evaluator.py:1988)
2026-02-24 09:35:20,836 - ThreadPoolExecutor-5_2 - sqlmesh.core.engine_adapter.base - INFO - Executing SQL: /* SQLMESH_PLAN: 559a1522e0ae4eb19eb1676ab7187e10 */ DROP VIEW IF EXISTS "ala_publicportal"."staged_oral_arguments" CASCADE (base.py:2626)
2026-02-24 09:35:20,836 - ThreadPoolExecutor-5_3 - sqlmesh.core.snapshot.evaluator - INFO - Updating view 'analytics.ala_publicportal.staged_opinions' to point at table 'analytics.sqlmesh__ala_publicportal.ala_publicportal__staged_opinions__532592911' (evaluator.py:1988)
2026-02-24 09:35:20,836 - ThreadPoolExecutor-5_0 - sqlmesh.core.engine_adapter.base - INFO - Executing SQL: /* SQLMESH_PLAN: 559a1522e0ae4eb19eb1676ab7187e10 */ CREATE VIEW "conn_jud_ct_gov"."staged_docket_entries" AS SELECT * FROM "analytics"."sqlmesh__conn_jud_ct_gov"."conn_jud_ct_gov__staged_docket_entries__139211030" (base.py:2626)
2026-02-24 09:35:20,836 - ThreadPoolExecutor-5_1 - sqlmesh.core.engine_adapter.base - INFO - Executing SQL: /* SQLMESH_PLAN: 559a1522e0ae4eb19eb1676ab7187e10 */ DROP VIEW IF EXISTS "ala_publicportal"."staged_opinion_clusters" CASCADE (base.py:2626)
2026-02-24 09:35:20,837 - ThreadPoolExecutor-5_3 - sqlmesh.core.engine_adapter.base - INFO - Executing SQL: /* SQLMESH_PLAN: 559a1522e0ae4eb19eb1676ab7187e10 */ DROP VIEW IF EXISTS "ala_publicportal"."staged_opinions" CASCADE (base.py:2626)
2026-02-24 09:35:20,837 - ThreadPoolExecutor-5_2 - sqlmesh.core.engine_adapter.base - INFO - Executing SQL: /* SQLMESH_PLAN: 559a1522e0ae4eb19eb1676ab7187e10 */ CREATE VIEW "ala_publicportal"."staged_oral_arguments" AS SELECT * FROM "analytics"."sqlmesh__ala_publicportal"."ala_publicportal__staged_oral_arguments__1992879253" (base.py:2626)
2026-02-24 09:35:20,837 - ThreadPoolExecutor-5_1 - sqlmesh.core.engine_adapter.base - INFO - Executing SQL: /* SQLMESH_PLAN: 559a1522e0ae4eb19eb1676ab7187e10 */ CREATE VIEW "ala_publicportal"."staged_opinion_clusters" AS SELECT * FROM "analytics"."sqlmesh__ala_publicportal"."ala_publicportal__staged_opinion_clusters__4027648436" (base.py:2626)
2026-02-24 09:35:20,837 - ThreadPoolExecutor-5_3 - sqlmesh.core.engine_adapter.base - INFO - Executing SQL: /* SQLMESH_PLAN: 559a1522e0ae4eb19eb1676ab7187e10 */ CREATE VIEW "ala_publicportal"."staged_opinions" AS SELECT * FROM "analytics"."sqlmesh__ala_publicportal"."ala_publicportal__staged_opinions__532592911" (base.py:2626)
2026-02-24 09:35:20,838 - ThreadPoolExecutor-5_0 - sqlmesh.core.snapshot.evaluator - INFO - Updating view 'analytics.conn_jud_ct_gov.staged_oral_arguments' to point at table 'analytics.sqlmesh__conn_jud_ct_gov.conn_jud_ct_gov__staged_oral_arguments__831020667' (evaluator.py:1988)
2026-02-24 09:35:20,838 - ThreadPoolExecutor-5_2 - sqlmesh.core.snapshot.evaluator - INFO - Updating view 'analytics.ala_publicportal.irr_invalid_court_ids_dockets' to point at table 'analytics.sqlmesh__ala_publicportal.ala_publicportal__irr_invalid_court_ids_dockets__369746095' (evaluator.py:1988)
2026-02-24 09:35:20,838 - ThreadPoolExecutor-5_0 - sqlmesh.core.engine_adapter.base - INFO - Executing SQL: /* SQLMESH_PLAN: 559a1522e0ae4eb19eb1676ab7187e10 */ DROP VIEW IF EXISTS "conn_jud_ct_gov"."staged_oral_arguments" CASCADE (base.py:2626)
2026-02-24 09:35:20,838 - ThreadPoolExecutor-5_1 - sqlmesh.core.snapshot.evaluator - INFO - Updating view 'analytics.courtlistener.raw_originating_court_information' to point at table 'analytics.sqlmesh__courtlistener.courtlistener__raw_originating_court_information__2159072020' (evaluator.py:1988)
2026-02-24 09:35:20,839 - ThreadPoolExecutor-5_2 - sqlmesh.core.engine_adapter.base - INFO - Executing SQL: /* SQLMESH_PLAN: 559a1522e0ae4eb19eb1676ab7187e10 */ DROP VIEW IF EXISTS "ala_publicportal"."irr_invalid_court_ids_dockets" CASCADE (base.py:2626)
2026-02-24 09:35:20,839 - ThreadPoolExecutor-5_3 - sqlmesh.core.snapshot.evaluator - INFO - Updating view 'analytics.courtlistener.raw_dockets' to point at table 'analytics.sqlmesh__courtlistener.courtlistener__raw_dockets__2862490740' (evaluator.py:1988)
2026-02-24 09:35:20,839 - ThreadPoolExecutor-5_1 - sqlmesh.core.engine_adapter.base - INFO - Executing SQL: /* SQLMESH_PLAN: 559a1522e0ae4eb19eb1676ab7187e10 */ DROP VIEW IF EXISTS "courtlistener"."raw_originating_court_information" CASCADE (base.py:2626)
2026-02-24 09:35:20,839 - ThreadPoolExecutor-5_0 - sqlmesh.core.engine_adapter.base - INFO - Executing SQL: /* SQLMESH_PLAN: 559a1522e0ae4eb19eb1676ab7187e10 */ CREATE VIEW "conn_jud_ct_gov"."staged_oral_arguments" AS SELECT * FROM "analytics"."sqlmesh__conn_jud_ct_gov"."conn_jud_ct_gov__staged_oral_arguments__831020667" (base.py:2626)
2026-02-24 09:35:20,839 - ThreadPoolExecutor-5_3 - sqlmesh.core.engine_adapter.base - INFO - Executing SQL: /* SQLMESH_PLAN: 559a1522e0ae4eb19eb1676ab7187e10 */ DROP VIEW IF EXISTS "courtlistener"."raw_dockets" CASCADE (base.py:2626)
2026-02-24 09:35:20,840 - ThreadPoolExecutor-5_2 - sqlmesh.core.engine_adapter.base - INFO - Executing SQL: /* SQLMESH_PLAN: 559a1522e0ae4eb19eb1676ab7187e10 */ CREATE VIEW "ala_publicportal"."irr_invalid_court_ids_dockets" AS SELECT * FROM "analytics"."sqlmesh__ala_publicportal"."ala_publicportal__irr_invalid_court_ids_dockets__369746095" (base.py:2626)
2026-02-24 09:35:20,840 - ThreadPoolExecutor-5_1 - sqlmesh.core.engine_adapter.base - INFO - Executing SQL: /* SQLMESH_PLAN: 559a1522e0ae4eb19eb1676ab7187e10 */ CREATE VIEW "courtlistener"."raw_originating_court_information" AS SELECT * FROM "analytics"."sqlmesh__courtlistener"."courtlistener__raw_originating_court_information__2159072020" (base.py:2626)
2026-02-24 09:35:20,840 - ThreadPoolExecutor-5_3 - sqlmesh.core.engine_adapter.base - INFO - Executing SQL: /* SQLMESH_PLAN: 559a1522e0ae4eb19eb1676ab7187e10 */ CREATE VIEW "courtlistener"."raw_dockets" AS SELECT * FROM "analytics"."sqlmesh__courtlistener"."courtlistener__raw_dockets__2862490740" (base.py:2626)
2026-02-24 09:35:20,841 - ThreadPoolExecutor-5_2 - sqlmesh.core.snapshot.evaluator - INFO - Updating view 'analytics.conn_jud_ct_gov.irr_invalid_court_ids_dockets' to point at table 'analytics.sqlmesh__conn_jud_ct_gov.conn_jud_ct_gov__irr_invalid_court_ids_dockets__2426056385' (evaluator.py:1988)
2026-02-24 09:35:20,841 - ThreadPoolExecutor-5_0 - sqlmesh.core.snapshot.evaluator - INFO - Updating view 'analytics.conn_jud_ct_gov.irr_future_dates_opinion_clusters' to point at table 'analytics.sqlmesh__conn_jud_ct_gov.conn_jud_ct_gov__irr_future_dates_opinion_clusters__1219797351' (evaluator.py:1988)
2026-02-24 09:35:20,841 - ThreadPoolExecutor-5_2 - sqlmesh.core.engine_adapter.base - INFO - Executing SQL: /* SQLMESH_PLAN: 559a1522e0ae4eb19eb1676ab7187e10 */ DROP VIEW IF EXISTS "conn_jud_ct_gov"."irr_invalid_court_ids_dockets" CASCADE (base.py:2626)
2026-02-24 09:35:20,841 - ThreadPoolExecutor-5_0 - sqlmesh.core.engine_adapter.base - INFO - Executing SQL: /* SQLMESH_PLAN: 559a1522e0ae4eb19eb1676ab7187e10 */ DROP VIEW IF EXISTS "conn_jud_ct_gov"."irr_future_dates_opinion_clusters" CASCADE (base.py:2626)
2026-02-24 09:35:20,842 - ThreadPoolExecutor-5_3 - sqlmesh.core.snapshot.evaluator - INFO - Updating view 'analytics.courtlistener.raw_docket_entries' to point at table 'analytics.sqlmesh__courtlistener.courtlistener__raw_docket_entries__2025210497' (evaluator.py:1988)
2026-02-24 09:35:20,842 - ThreadPoolExecutor-5_1 - sqlmesh.core.snapshot.evaluator - INFO - Updating view 'analytics.ala_publicportal.irr_future_dates_opinion_clusters' to point at table 'analytics.sqlmesh__ala_publicportal.ala_publicportal__irr_future_dates_opinion_clusters__2706960434' (evaluator.py:1988)
2026-02-24 09:35:20,842 - ThreadPoolExecutor-5_3 - sqlmesh.core.engine_adapter.base - INFO - Executing SQL: /* SQLMESH_PLAN: 559a1522e0ae4eb19eb1676ab7187e10 */ DROP VIEW IF EXISTS "courtlistener"."raw_docket_entries" CASCADE (base.py:2626)
2026-02-24 09:35:20,842 - ThreadPoolExecutor-5_1 - sqlmesh.core.engine_adapter.base - INFO - Executing SQL: /* SQLMESH_PLAN: 559a1522e0ae4eb19eb1676ab7187e10 */ DROP VIEW IF EXISTS "ala_publicportal"."irr_future_dates_opinion_clusters" CASCADE (base.py:2626)
2026-02-24 09:35:20,842 - ThreadPoolExecutor-5_0 - sqlmesh.core.engine_adapter.base - INFO - Executing SQL: /* SQLMESH_PLAN: 559a1522e0ae4eb19eb1676ab7187e10 */ CREATE VIEW "conn_jud_ct_gov"."irr_future_dates_opinion_clusters" AS SELECT * FROM "analytics"."sqlmesh__conn_jud_ct_gov"."conn_jud_ct_gov__irr_future_dates_opinion_clusters__1219797351" (base.py:2626)
2026-02-24 09:35:20,843 - ThreadPoolExecutor-5_2 - sqlmesh.core.engine_adapter.base - INFO - Executing SQL: /* SQLMESH_PLAN: 559a1522e0ae4eb19eb1676ab7187e10 */ CREATE VIEW "conn_jud_ct_gov"."irr_invalid_court_ids_dockets" AS SELECT * FROM "analytics"."sqlmesh__conn_jud_ct_gov"."conn_jud_ct_gov__irr_invalid_court_ids_dockets__2426056385" (base.py:2626)
2026-02-24 09:35:20,843 - ThreadPoolExecutor-5_3 - sqlmesh.core.engine_adapter.base - INFO - Executing SQL: /* SQLMESH_PLAN: 559a1522e0ae4eb19eb1676ab7187e10 */ CREATE VIEW "courtlistener"."raw_docket_entries" AS SELECT * FROM "analytics"."sqlmesh__courtlistener"."courtlistener__raw_docket_entries__2025210497" (base.py:2626)
2026-02-24 09:35:20,843 - ThreadPoolExecutor-5_1 - sqlmesh.core.engine_adapter.base - INFO - Executing SQL: /* SQLMESH_PLAN: 559a1522e0ae4eb19eb1676ab7187e10 */ CREATE VIEW "ala_publicportal"."irr_future_dates_opinion_clusters" AS SELECT * FROM "analytics"."sqlmesh__ala_publicportal"."ala_publicportal__irr_future_dates_opinion_clusters__2706960434" (base.py:2626)
2026-02-24 09:35:20,844 - ThreadPoolExecutor-5_0 - sqlmesh.core.snapshot.evaluator - INFO - Updating view 'analytics.courtlistener.raw_opinion_clusters' to point at table 'analytics.sqlmesh__courtlistener.courtlistener__raw_opinion_clusters__3097777418' (evaluator.py:1988)
2026-02-24 09:35:20,844 - ThreadPoolExecutor-5_2 - sqlmesh.core.snapshot.evaluator - INFO - Updating view 'analytics.courtlistener.raw_opinions' to point at table 'analytics.sqlmesh__courtlistener.courtlistener__raw_opinions__1726213307' (evaluator.py:1988)
2026-02-24 09:35:20,844 - ThreadPoolExecutor-5_0 - sqlmesh.core.engine_adapter.base - INFO - Executing SQL: /* SQLMESH_PLAN: 559a1522e0ae4eb19eb1676ab7187e10 */ DROP VIEW IF EXISTS "courtlistener"."raw_opinion_clusters" CASCADE (base.py:2626)
2026-02-24 09:35:20,844 - ThreadPoolExecutor-5_2 - sqlmesh.core.engine_adapter.base - INFO - Executing SQL: /* SQLMESH_PLAN: 559a1522e0ae4eb19eb1676ab7187e10 */ DROP VIEW IF EXISTS "courtlistener"."raw_opinions" CASCADE (base.py:2626)
2026-02-24 09:35:20,844 - ThreadPoolExecutor-5_3 - sqlmesh.core.snapshot.evaluator - INFO - Updating view 'analytics.courtlistener.raw_audio' to point at table 'analytics.sqlmesh__courtlistener.courtlistener__raw_audio__4029090223' (evaluator.py:1988)
2026-02-24 09:35:20,845 - ThreadPoolExecutor-5_1 - sqlmesh.core.snapshot.evaluator - INFO - Updating view 'analytics.courtlistener.staged_dockets' to point at table 'analytics.sqlmesh__courtlistener.courtlistener__staged_dockets__1392107258' (evaluator.py:1988)
2026-02-24 09:35:20,845 - ThreadPoolExecutor-5_3 - sqlmesh.core.engine_adapter.base - INFO - Executing SQL: /* SQLMESH_PLAN: 559a1522e0ae4eb19eb1676ab7187e10 */ DROP VIEW IF EXISTS "courtlistener"."raw_audio" CASCADE (base.py:2626)
2026-02-24 09:35:20,845 - ThreadPoolExecutor-5_2 - sqlmesh.core.engine_adapter.base - INFO - Executing SQL: /* SQLMESH_PLAN: 559a1522e0ae4eb19eb1676ab7187e10 */ CREATE VIEW "courtlistener"."raw_opinions" AS SELECT * FROM "analytics"."sqlmesh__courtlistener"."courtlistener__raw_opinions__1726213307" (base.py:2626)
2026-02-24 09:35:20,845 - ThreadPoolExecutor-5_1 - sqlmesh.core.engine_adapter.base - INFO - Executing SQL: /* SQLMESH_PLAN: 559a1522e0ae4eb19eb1676ab7187e10 */ DROP VIEW IF EXISTS "courtlistener"."staged_dockets" CASCADE (base.py:2626)
2026-02-24 09:35:20,845 - ThreadPoolExecutor-5_0 - sqlmesh.core.engine_adapter.base - INFO - Executing SQL: /* SQLMESH_PLAN: 559a1522e0ae4eb19eb1676ab7187e10 */ CREATE VIEW "courtlistener"."raw_opinion_clusters" AS SELECT * FROM "analytics"."sqlmesh__courtlistener"."courtlistener__raw_opinion_clusters__3097777418" (base.py:2626)
2026-02-24 09:35:20,846 - ThreadPoolExecutor-5_1 - sqlmesh.core.engine_adapter.base - INFO - Executing SQL: /* SQLMESH_PLAN: 559a1522e0ae4eb19eb1676ab7187e10 */ CREATE VIEW "courtlistener"."staged_dockets" AS SELECT * FROM "analytics"."sqlmesh__courtlistener"."courtlistener__staged_dockets__1392107258" (base.py:2626)
2026-02-24 09:35:20,846 - ThreadPoolExecutor-5_3 - sqlmesh.core.engine_adapter.base - INFO - Executing SQL: /* SQLMESH_PLAN: 559a1522e0ae4eb19eb1676ab7187e10 */ CREATE VIEW "courtlistener"."raw_audio" AS SELECT * FROM "analytics"."sqlmesh__courtlistener"."courtlistener__raw_audio__4029090223" (base.py:2626)
2026-02-24 09:35:20,846 - ThreadPoolExecutor-5_2 - sqlmesh.core.snapshot.evaluator - INFO - Updating view 'analytics.courtlistener.staged_originating_court_information' to point at table 'analytics.sqlmesh__courtlistener.courtlistener__staged_originating_court_information__2694970624' (evaluator.py:1988)
2026-02-24 09:35:20,846 - ThreadPoolExecutor-5_2 - sqlmesh.core.engine_adapter.base - INFO - Executing SQL: /* SQLMESH_PLAN: 559a1522e0ae4eb19eb1676ab7187e10 */ DROP VIEW IF EXISTS "courtlistener"."staged_originating_court_information" CASCADE (base.py:2626)
2026-02-24 09:35:20,847 - ThreadPoolExecutor-5_0 - sqlmesh.core.snapshot.evaluator - INFO - Updating view 'analytics.courtlistener.staged_docket_entries' to point at table 'analytics.sqlmesh__courtlistener.courtlistener__staged_docket_entries__1034906659' (evaluator.py:1988)
2026-02-24 09:35:20,847 - ThreadPoolExecutor-5_0 - sqlmesh.core.engine_adapter.base - INFO - Executing SQL: /* SQLMESH_PLAN: 559a1522e0ae4eb19eb1676ab7187e10 */ DROP VIEW IF EXISTS "courtlistener"."staged_docket_entries" CASCADE (base.py:2626)
2026-02-24 09:35:20,847 - ThreadPoolExecutor-5_2 - sqlmesh.core.engine_adapter.base - INFO - Executing SQL: /* SQLMESH_PLAN: 559a1522e0ae4eb19eb1676ab7187e10 */ CREATE VIEW "courtlistener"."staged_originating_court_information" AS SELECT * FROM "analytics"."sqlmesh__courtlistener"."courtlistener__staged_originating_court_information__2694970624" (base.py:2626)
2026-02-24 09:35:20,847 - ThreadPoolExecutor-5_1 - sqlmesh.core.snapshot.evaluator - INFO - Updating view 'analytics.courtlistener.staged_opinions' to point at table 'analytics.sqlmesh__courtlistener.courtlistener__staged_opinions__244620538' (evaluator.py:1988)
2026-02-24 09:35:20,848 - ThreadPoolExecutor-5_3 - sqlmesh.core.snapshot.evaluator - INFO - Updating view 'analytics.courtlistener.staged_opinion_clusters' to point at table 'analytics.sqlmesh__courtlistener.courtlistener__staged_opinion_clusters__3600870996' (evaluator.py:1988)
2026-02-24 09:35:20,848 - ThreadPoolExecutor-5_0 - sqlmesh.core.engine_adapter.base - INFO - Executing SQL: /* SQLMESH_PLAN: 559a1522e0ae4eb19eb1676ab7187e10 */ CREATE VIEW "courtlistener"."staged_docket_entries" AS SELECT * FROM "analytics"."sqlmesh__courtlistener"."courtlistener__staged_docket_entries__1034906659" (base.py:2626)
2026-02-24 09:35:20,848 - ThreadPoolExecutor-5_1 - sqlmesh.core.engine_adapter.base - INFO - Executing SQL: /* SQLMESH_PLAN: 559a1522e0ae4eb19eb1676ab7187e10 */ DROP VIEW IF EXISTS "courtlistener"."staged_opinions" CASCADE (base.py:2626)
2026-02-24 09:35:20,848 - ThreadPoolExecutor-5_3 - sqlmesh.core.engine_adapter.base - INFO - Executing SQL: /* SQLMESH_PLAN: 559a1522e0ae4eb19eb1676ab7187e10 */ DROP VIEW IF EXISTS "courtlistener"."staged_opinion_clusters" CASCADE (base.py:2626)
2026-02-24 09:35:20,849 - ThreadPoolExecutor-5_3 - sqlmesh.core.engine_adapter.base - INFO - Executing SQL: /* SQLMESH_PLAN: 559a1522e0ae4eb19eb1676ab7187e10 */ CREATE VIEW "courtlistener"."staged_opinion_clusters" AS SELECT * FROM "analytics"."sqlmesh__courtlistener"."courtlistener__staged_opinion_clusters__3600870996" (base.py:2626)
2026-02-24 09:35:20,849 - ThreadPoolExecutor-5_2 - sqlmesh.core.snapshot.evaluator - INFO - Updating view 'analytics.courtlistener.irr_invalid_court_ids_dockets' to point at table 'analytics.sqlmesh__courtlistener.courtlistener__irr_invalid_court_ids_dockets__1365435948' (evaluator.py:1988)
2026-02-24 09:35:20,849 - ThreadPoolExecutor-5_1 - sqlmesh.core.engine_adapter.base - INFO - Executing SQL: /* SQLMESH_PLAN: 559a1522e0ae4eb19eb1676ab7187e10 */ CREATE VIEW "courtlistener"."staged_opinions" AS SELECT * FROM "analytics"."sqlmesh__courtlistener"."courtlistener__staged_opinions__244620538" (base.py:2626)
2026-02-24 09:35:20,849 - ThreadPoolExecutor-5_2 - sqlmesh.core.engine_adapter.base - INFO - Executing SQL: /* SQLMESH_PLAN: 559a1522e0ae4eb19eb1676ab7187e10 */ DROP VIEW IF EXISTS "courtlistener"."irr_invalid_court_ids_dockets" CASCADE (base.py:2626)
2026-02-24 09:35:20,849 - ThreadPoolExecutor-5_0 - sqlmesh.core.snapshot.evaluator - INFO - Updating view 'analytics.courtlistener.irr_null_docket_numbers_dockets' to point at table 'analytics.sqlmesh__courtlistener.courtlistener__irr_null_docket_numbers_dockets__1072675670' (evaluator.py:1988)
2026-02-24 09:35:20,850 - ThreadPoolExecutor-5_0 - sqlmesh.core.engine_adapter.base - INFO - Executing SQL: /* SQLMESH_PLAN: 559a1522e0ae4eb19eb1676ab7187e10 */ DROP VIEW IF EXISTS "courtlistener"."irr_null_docket_numbers_dockets" CASCADE (base.py:2626)
2026-02-24 09:35:20,850 - ThreadPoolExecutor-5_2 - sqlmesh.core.engine_adapter.base - INFO - Executing SQL: /* SQLMESH_PLAN: 559a1522e0ae4eb19eb1676ab7187e10 */ CREATE VIEW "courtlistener"."irr_invalid_court_ids_dockets" AS SELECT * FROM "analytics"."sqlmesh__courtlistener"."courtlistener__irr_invalid_court_ids_dockets__1365435948" (base.py:2626)
2026-02-24 09:35:20,850 - ThreadPoolExecutor-5_3 - sqlmesh.core.snapshot.evaluator - INFO - Updating view 'analytics.courtlistener.staged_audio' to point at table 'analytics.sqlmesh__courtlistener.courtlistener__staged_audio__4251877057' (evaluator.py:1988)
2026-02-24 09:35:20,850 - ThreadPoolExecutor-5_1 - sqlmesh.core.snapshot.evaluator - INFO - Updating view 'analytics.courtlistener.irr_future_dates_opinion_clusters' to point at table 'analytics.sqlmesh__courtlistener.courtlistener__irr_future_dates_opinion_clusters__4186422264' (evaluator.py:1988)
2026-02-24 09:35:20,851 - ThreadPoolExecutor-5_3 - sqlmesh.core.engine_adapter.base - INFO - Executing SQL: /* SQLMESH_PLAN: 559a1522e0ae4eb19eb1676ab7187e10 */ DROP VIEW IF EXISTS "courtlistener"."staged_audio" CASCADE (base.py:2626)
2026-02-24 09:35:20,851 - ThreadPoolExecutor-5_0 - sqlmesh.core.engine_adapter.base - INFO - Executing SQL: /* SQLMESH_PLAN: 559a1522e0ae4eb19eb1676ab7187e10 */ CREATE VIEW "courtlistener"."irr_null_docket_numbers_dockets" AS SELECT * FROM "analytics"."sqlmesh__courtlistener"."courtlistener__irr_null_docket_numbers_dockets__1072675670" (base.py:2626)
2026-02-24 09:35:20,851 - ThreadPoolExecutor-5_1 - sqlmesh.core.engine_adapter.base - INFO - Executing SQL: /* SQLMESH_PLAN: 559a1522e0ae4eb19eb1676ab7187e10 */ DROP VIEW IF EXISTS "courtlistener"."irr_future_dates_opinion_clusters" CASCADE (base.py:2626)
2026-02-24 09:35:20,851 - ThreadPoolExecutor-5_3 - sqlmesh.core.engine_adapter.base - INFO - Executing SQL: /* SQLMESH_PLAN: 559a1522e0ae4eb19eb1676ab7187e10 */ CREATE VIEW "courtlistener"."staged_audio" AS SELECT * FROM "analytics"."sqlmesh__courtlistener"."courtlistener__staged_audio__4251877057" (base.py:2626)
2026-02-24 09:35:20,852 - ThreadPoolExecutor-5_1 - sqlmesh.core.engine_adapter.base - INFO - Executing SQL: /* SQLMESH_PLAN: 559a1522e0ae4eb19eb1676ab7187e10 */ CREATE VIEW "courtlistener"."irr_future_dates_opinion_clusters" AS SELECT * FROM "analytics"."sqlmesh__courtlistener"."courtlistener__irr_future_dates_opinion_clusters__4186422264" (base.py:2626)
2026-02-24 09:35:20,859 - ThreadPoolExecutor-6_0 - sqlmesh.core.snapshot.evaluator - INFO - Dropping view 'analytics.conn_jud_ct_gov.stg_opinions' (evaluator.py:2019)
2026-02-24 09:35:20,859 - ThreadPoolExecutor-6_0 - sqlmesh.core.engine_adapter.base - INFO - Executing SQL: /* SQLMESH_PLAN: 559a1522e0ae4eb19eb1676ab7187e10 */ DROP VIEW IF EXISTS "conn_jud_ct_gov"."stg_opinions" (base.py:2626)
2026-02-24 09:35:20,862 - ThreadPoolExecutor-6_1 - sqlmesh.core.snapshot.evaluator - INFO - Dropping view 'analytics.ala_publicportal.stg_opinions' (evaluator.py:2019)
2026-02-24 09:35:20,863 - ThreadPoolExecutor-6_1 - sqlmesh.core.engine_adapter.base - INFO - Executing SQL: /* SQLMESH_PLAN: 559a1522e0ae4eb19eb1676ab7187e10 */ DROP VIEW IF EXISTS "ala_publicportal"."stg_opinions" (base.py:2626)
2026-02-24 09:35:20,866 - ThreadPoolExecutor-6_2 - sqlmesh.core.snapshot.evaluator - INFO - Dropping view 'analytics.conn_jud_ct_gov.stg_dockets' (evaluator.py:2019)
2026-02-24 09:35:20,866 - ThreadPoolExecutor-6_2 - sqlmesh.core.engine_adapter.base - INFO - Executing SQL: /* SQLMESH_PLAN: 559a1522e0ae4eb19eb1676ab7187e10 */ DROP VIEW IF EXISTS "conn_jud_ct_gov"."stg_dockets" (base.py:2626)
2026-02-24 09:35:20,870 - ThreadPoolExecutor-6_3 - sqlmesh.core.snapshot.evaluator - INFO - Dropping view 'analytics.ala_publicportal.stg_dockets' (evaluator.py:2019)
2026-02-24 09:35:20,870 - ThreadPoolExecutor-6_3 - sqlmesh.core.engine_adapter.base - INFO - Executing SQL: /* SQLMESH_PLAN: 559a1522e0ae4eb19eb1676ab7187e10 */ DROP VIEW IF EXISTS "ala_publicportal"."stg_dockets" (base.py:2626)
2026-02-24 09:35:20,872 - ThreadPoolExecutor-6_1 - sqlmesh.core.snapshot.evaluator - INFO - Dropping view 'analytics.ala_publicportal.stg_docket_parties' (evaluator.py:2019)
2026-02-24 09:35:20,872 - ThreadPoolExecutor-6_2 - sqlmesh.core.snapshot.evaluator - INFO - Dropping view 'analytics.ala_publicportal.stg_oral_arguments' (evaluator.py:2019)
2026-02-24 09:35:20,872 - ThreadPoolExecutor-6_1 - sqlmesh.core.engine_adapter.base - INFO - Executing SQL: /* SQLMESH_PLAN: 559a1522e0ae4eb19eb1676ab7187e10 */ DROP VIEW IF EXISTS "ala_publicportal"."stg_docket_parties" (base.py:2626)
2026-02-24 09:35:20,873 - ThreadPoolExecutor-6_0 - sqlmesh.core.snapshot.evaluator - INFO - Dropping view 'analytics.ala_publicportal.stg_docket_entries' (evaluator.py:2019)
2026-02-24 09:35:20,873 - ThreadPoolExecutor-6_3 - sqlmesh.core.snapshot.evaluator - INFO - Dropping view 'analytics.conn_jud_ct_gov.stg_docket_entries' (evaluator.py:2019)
2026-02-24 09:35:20,873 - ThreadPoolExecutor-6_2 - sqlmesh.core.engine_adapter.base - INFO - Executing SQL: /* SQLMESH_PLAN: 559a1522e0ae4eb19eb1676ab7187e10 */ DROP VIEW IF EXISTS "ala_publicportal"."stg_oral_arguments" (base.py:2626)
2026-02-24 09:35:20,873 - ThreadPoolExecutor-6_0 - sqlmesh.core.engine_adapter.base - INFO - Executing SQL: /* SQLMESH_PLAN: 559a1522e0ae4eb19eb1676ab7187e10 */ DROP VIEW IF EXISTS "ala_publicportal"."stg_docket_entries" (base.py:2626)
2026-02-24 09:35:20,873 - ThreadPoolExecutor-6_3 - sqlmesh.core.engine_adapter.base - INFO - Executing SQL: /* SQLMESH_PLAN: 559a1522e0ae4eb19eb1676ab7187e10 */ DROP VIEW IF EXISTS "conn_jud_ct_gov"."stg_docket_entries" (base.py:2626)
2026-02-24 09:35:20,874 - ThreadPoolExecutor-6_1 - sqlmesh.core.snapshot.evaluator - INFO - Dropping view 'analytics.conn_jud_ct_gov.stg_oral_arguments' (evaluator.py:2019)
2026-02-24 09:35:20,874 - ThreadPoolExecutor-6_1 - sqlmesh.core.engine_adapter.base - INFO - Executing SQL: /* SQLMESH_PLAN: 559a1522e0ae4eb19eb1676ab7187e10 */ DROP VIEW IF EXISTS "conn_jud_ct_gov"."stg_oral_arguments" (base.py:2626)
2026-02-24 09:35:20,874 - ThreadPoolExecutor-6_0 - sqlmesh.core.snapshot.evaluator - INFO - Dropping view 'analytics.conn_jud_ct_gov.stg_docket_parties' (evaluator.py:2019)
2026-02-24 09:35:20,874 - ThreadPoolExecutor-6_0 - sqlmesh.core.engine_adapter.base - INFO - Executing SQL: /* SQLMESH_PLAN: 559a1522e0ae4eb19eb1676ab7187e10 */ DROP VIEW IF EXISTS "conn_jud_ct_gov"."stg_docket_parties" (base.py:2626)
2026-02-24 09:35:20,875 - ThreadPoolExecutor-6_2 - sqlmesh.core.snapshot.evaluator - INFO - Dropping view 'analytics.ala_publicportal.stg_historical_release_lists' (evaluator.py:2019)
2026-02-24 09:35:20,875 - ThreadPoolExecutor-6_3 - sqlmesh.core.snapshot.evaluator - INFO - Dropping view 'analytics.ala_publicportal.stg_opinion_clusters' (evaluator.py:2019)
2026-02-24 09:35:20,875 - ThreadPoolExecutor-6_2 - sqlmesh.core.engine_adapter.base - INFO - Executing SQL: /* SQLMESH_PLAN: 559a1522e0ae4eb19eb1676ab7187e10 */ DROP VIEW IF EXISTS "ala_publicportal"."stg_historical_release_lists" (base.py:2626)
2026-02-24 09:35:20,875 - ThreadPoolExecutor-6_3 - sqlmesh.core.engine_adapter.base - INFO - Executing SQL: /* SQLMESH_PLAN: 559a1522e0ae4eb19eb1676ab7187e10 */ DROP VIEW IF EXISTS "ala_publicportal"."stg_opinion_clusters" (base.py:2626)
2026-02-24 09:35:20,875 - ThreadPoolExecutor-6_1 - sqlmesh.core.snapshot.evaluator - INFO - Dropping view 'analytics.conn_jud_ct_gov.stg_opinion_clusters' (evaluator.py:2019)
2026-02-24 09:35:20,876 - ThreadPoolExecutor-6_1 - sqlmesh.core.engine_adapter.base - INFO - Executing SQL: /* SQLMESH_PLAN: 559a1522e0ae4eb19eb1676ab7187e10 */ DROP VIEW IF EXISTS "conn_jud_ct_gov"."stg_opinion_clusters" (base.py:2626)
2026-02-24 09:35:20,876 - ThreadPoolExecutor-6_0 - sqlmesh.core.snapshot.evaluator - INFO - Dropping view 'analytics.courtlistener.opinions' (evaluator.py:2019)
2026-02-24 09:35:20,876 - ThreadPoolExecutor-6_0 - sqlmesh.core.engine_adapter.base - INFO - Executing SQL: /* SQLMESH_PLAN: 559a1522e0ae4eb19eb1676ab7187e10 */ DROP VIEW IF EXISTS "courtlistener"."opinions" (base.py:2626)
2026-02-24 09:35:20,876 - ThreadPoolExecutor-6_3 - sqlmesh.core.snapshot.evaluator - INFO - Dropping view 'analytics.courtlistener.originating_court_information' (evaluator.py:2019)
2026-02-24 09:35:20,876 - ThreadPoolExecutor-6_3 - sqlmesh.core.engine_adapter.base - INFO - Executing SQL: /* SQLMESH_PLAN: 559a1522e0ae4eb19eb1676ab7187e10 */ DROP VIEW IF EXISTS "courtlistener"."originating_court_information" (base.py:2626)
2026-02-24 09:35:20,876 - ThreadPoolExecutor-6_2 - sqlmesh.core.snapshot.evaluator - INFO - Dropping view 'analytics.courtlistener.dockets' (evaluator.py:2019)
2026-02-24 09:35:20,876 - ThreadPoolExecutor-6_2 - sqlmesh.core.engine_adapter.base - INFO - Executing SQL: /* SQLMESH_PLAN: 559a1522e0ae4eb19eb1676ab7187e10 */ DROP VIEW IF EXISTS "courtlistener"."dockets" (base.py:2626)
2026-02-24 09:35:20,877 - ThreadPoolExecutor-6_1 - sqlmesh.core.snapshot.evaluator - INFO - Dropping view 'analytics.courtlistener.docket_entries' (evaluator.py:2019)
2026-02-24 09:35:20,877 - ThreadPoolExecutor-6_1 - sqlmesh.core.engine_adapter.base - INFO - Executing SQL: /* SQLMESH_PLAN: 559a1522e0ae4eb19eb1676ab7187e10 */ DROP VIEW IF EXISTS "courtlistener"."docket_entries" (base.py:2626)
2026-02-24 09:35:20,877 - ThreadPoolExecutor-6_0 - sqlmesh.core.snapshot.evaluator - INFO - Dropping view 'analytics.courtlistener.audio' (evaluator.py:2019)
2026-02-24 09:35:20,877 - ThreadPoolExecutor-6_0 - sqlmesh.core.engine_adapter.base - INFO - Executing SQL: /* SQLMESH_PLAN: 559a1522e0ae4eb19eb1676ab7187e10 */ DROP VIEW IF EXISTS "courtlistener"."audio" (base.py:2626)
2026-02-24 09:35:20,877 - ThreadPoolExecutor-6_3 - sqlmesh.core.snapshot.evaluator - INFO - Dropping view 'analytics.courtlistener.opinion_clusters' (evaluator.py:2019)
2026-02-24 09:35:20,878 - ThreadPoolExecutor-6_3 - sqlmesh.core.engine_adapter.base - INFO - Executing SQL: /* SQLMESH_PLAN: 559a1522e0ae4eb19eb1676ab7187e10 */ DROP VIEW IF EXISTS "courtlistener"."opinion_clusters" (base.py:2626)
2026-02-24 09:35:20,880 - MainThread - sqlmesh.core.plan.evaluator - INFO - Evaluating plan stage FinalizeEnvironmentStage (evaluator.py:123)
2026-02-24 09:35:20,880 - MainThread - sqlmesh.core.state_sync.db.environment - INFO - Finalizing environment 'prod' (environment.py:141)
2026-02-24 09:35:20,882 - MainThread - root - INFO - Shutting down the event dispatcher (dispatcher.py:159)
